Log file open, 08/19/17 18:43:09
LogInit:Display: Running engine for game: ProjectRise
LogPlatformFile: Not using cached read wrapper
LogInit:Display: RandInit(637826902) SRandInit(637826902).
LogTaskGraph: Started task graph with 5 named threads and 8 total threads with 1 sets of task threads.
LogStats: Stats thread started at 0.120227
LogInit: Using libcurl 7.47.1
LogInit:  - built for x86_64-pc-win32
LogInit:  - supports SSL with OpenSSL/1.0.2g
LogInit:  - supports HTTP deflate (compression) using libz 1.2.8
LogInit:  - other features:
LogInit:      CURL_VERSION_SSL
LogInit:      CURL_VERSION_LIBZ
LogInit:      CURL_VERSION_IPV6
LogInit:      CURL_VERSION_ASYNCHDNS
LogInit:      CURL_VERSION_LARGEFILE
LogInit:      CURL_VERSION_IDN
LogInit:  CurlRequestOptions (configurable via config and command line):
LogInit:  - bVerifyPeer = false  - Libcurl will NOT verify peer certificate
LogInit:  - bUseHttpProxy = false  - Libcurl will NOT use HTTP proxy
LogInit:  - bDontReuseConnections = false  - Libcurl will reuse connections
LogInit:  - CertBundlePath = nullptr  - Libcurl will use whatever was configured at build time.
LogInit: Build: ++UE4+Release-4.15-CL-3450819
LogInit: Engine Version: 4.15.3-3450819+++UE4+Release-4.15
LogInit: Compatible Engine Version: 4.15.0-3299760+++UE4+Release-4.15
LogInit: Net CL: 3299760
LogDevObjectVersion: Number of dev versions registered: 14
LogDevObjectVersion:   Dev-Blueprints (B0D832E4-1F89-4F0D-ACCF-7EB736FD4AA2): 8
LogDevObjectVersion:   Dev-Build (E1C64328-A22C-4D53-A36C-8E866417BD8C): 0
LogDevObjectVersion:   Dev-Core (375EC13C-06E4-48FB-B500-84F0262A717E): 2
LogDevObjectVersion:   Dev-Editor (E4B068ED-F494-42E9-A231-DA0B2E46BB41): 14
LogDevObjectVersion:   Dev-Framework (CFFC743F-43B0-4480-9391-14DF171D2073): 22
LogDevObjectVersion:   Dev-Mobile (B02B49B5-BB20-44E9-A304-32B752E40360): 0
LogDevObjectVersion:   Dev-Networking (A4E4105C-59A1-49B5-A7C5-40C4547EDFEE): 0
LogDevObjectVersion:   Dev-Online (39C831C9-5AE6-47DC-9A44-9C173E1C8E7C): 0
LogDevObjectVersion:   Dev-Physics (78F01B33-EBEA-4F98-B9B4-84EACCB95AA2): 0
LogDevObjectVersion:   Dev-Platform (6631380F-2D4D-43E0-8009-CF276956A95A): 0
LogDevObjectVersion:   Dev-Rendering (12F88B9F-8875-4AFC-A67C-D90C383ABD29): 12
LogDevObjectVersion:   Dev-Sequencer (7B5AE74C-D270-4C10-A958-57980B212A5A): 3
LogDevObjectVersion:   Dev-VR (D7296918-1DD6-4BDD-9DE2-64A83CC13884): 0
LogDevObjectVersion:   Dev-LoadTimes (C2A15278-BFE7-4AFE-6C17-90FF531DF755): 1
LogInit: Compiled (64-bit): May 21 2017 11:02:34
LogInit: Compiled with Visual C++: 19.00.23026.00
LogInit: Build Configuration: Development
LogInit: Branch Name: ++UE4+Release-4.15
LogInit: Command line:  
LogInit: Base directory: D:/Games/UE_4.15/Engine/Binaries/Win64/
LogInit: Installed Engine Build: 1
LogInit: Presizing for max 8388607 objects, including 0 objects not considered by GC, pre-allocating 0 bytes for permanent pool.
LogInit: Object subsystem initialized
[2017.08.19-15.43.11:180][  0]LogInit: Selected Device Profile: [Windows]
[2017.08.19-15.43.11:180][  0]LogInit: Applying CVar settings loaded from the selected device profile: [Windows]
[2017.08.19-15.43.11:192][  0]LogInit: Computer: THERULEDEMON-NO
[2017.08.19-15.43.11:192][  0]LogInit: User: Dmitr
[2017.08.19-15.43.11:192][  0]LogInit: CPU Page size=65536, Cores=4
[2017.08.19-15.43.11:192][  0]LogInit: High frequency timer resolution =3.421875 MHz
[2017.08.19-15.43.11:192][  0]LogMemory: Memory total: Physical=16.0GB (16GB approx)
[2017.08.19-15.43.11:192][  0]LogMemory: Platform Memory Stats for Windows
[2017.08.19-15.43.11:192][  0]LogMemory: Process Physical Memory: 265.82 MB used, 265.82 MB peak
[2017.08.19-15.43.11:192][  0]LogMemory: Process Virtual Memory: 262.59 MB used, 262.59 MB peak
[2017.08.19-15.43.11:192][  0]LogMemory: Physical Memory: 4946.49 MB used,  11394.56 MB free, 16341.05 MB total
[2017.08.19-15.43.11:192][  0]LogMemory: Virtual Memory: 644.99 MB used,  11394.56 MB free, 134217728.00 MB total
[2017.08.19-15.43.11:448][  0]LogTextLocalizationManager: No translations for ('et-EE') exist, falling back to 'en' for localization and internationalization data.
[2017.08.19-15.43.13:160][  0]LogD3D11RHI: D3D11 adapters:
[2017.08.19-15.43.14:149][  0]LogD3D11RHI:    0. 'NVIDIA GeForce GTX 970M' (Feature Level 11_0)
[2017.08.19-15.43.14:149][  0]LogD3D11RHI:       6106/0/8170 MB DedicatedVideo/DedicatedSystem/SharedSystem, Outputs:1, VendorId:0x10de
[2017.08.19-15.43.14:151][  0]LogD3D11RHI:    1. 'Microsoft Basic Render Driver' (Feature Level 11_0)
[2017.08.19-15.43.14:151][  0]LogD3D11RHI:       0/0/8170 MB DedicatedVideo/DedicatedSystem/SharedSystem, Outputs:0, VendorId:0x1414
[2017.08.19-15.43.14:151][  0]LogD3D11RHI: Chosen D3D11 Adapter: 0
[2017.08.19-15.43.14:159][  0]LogD3D11RHI: Creating new Direct3DDevice
[2017.08.19-15.43.14:159][  0]LogD3D11RHI:     GPU DeviceId: 0x13d8 (for the marketing name, search the web for "GPU Device Id")
[2017.08.19-15.43.14:159][  0]LogWindows: EnumDisplayDevices:
[2017.08.19-15.43.14:160][  0]LogWindows:    0. 'NVIDIA GeForce GTX 970M' (P:1 D:1)
[2017.08.19-15.43.14:160][  0]LogWindows:    1. 'NVIDIA GeForce GTX 970M' (P:0 D:0)
[2017.08.19-15.43.14:160][  0]LogWindows:    2. 'NVIDIA GeForce GTX 970M' (P:0 D:0)
[2017.08.19-15.43.14:160][  0]LogWindows:    3. 'NVIDIA GeForce GTX 970M' (P:0 D:0)
[2017.08.19-15.43.14:160][  0]LogWindows: DebugString: FoundDriverCount:4 
[2017.08.19-15.43.14:160][  0]LogD3D11RHI:     Adapter Name: NVIDIA GeForce GTX 970M
[2017.08.19-15.43.14:160][  0]LogD3D11RHI:   Driver Version: 382.33 (internal:22.21.13.8233, unified:382.33)
[2017.08.19-15.43.14:160][  0]LogD3D11RHI:      Driver Date: 5-17-2017
[2017.08.19-15.43.14:160][  0]LogRHI: Texture pool is 1361 MB (70% of 1945 MB)
[2017.08.19-15.43.15:085][  0]LogD3D11RHI: Async texture creation enabled
[2017.08.19-15.43.15:143][  0]LogD3D11RHI: GPU Timing Frequency: 1000.000000 (Debug: 2 1)
[2017.08.19-15.43.15:186][  0]LogShaderCompilers: Guid format shader working directory is -21 characters bigger than the processId version (../../../../../Programs/MegaFolderMax/GameContent/ProjectRise 4.15/Intermediate/Shaders/WorkingDirectory/10744/).
[2017.08.19-15.43.15:186][  0]LogShaderCompilers: Cleaned the shader compiler working directory 'C:/Users/Dmitr/AppData/Local/Temp/UnrealShaderWorkingDir/5CCC8769496E9286EC81B6B89EF08E43/'.
[2017.08.19-15.43.15:186][  0]LogShaderCompilers:Display: Using Local Shader Compiler.
[2017.08.19-15.43.16:888][  0]LogTemp:Display: Loaded TP AllDesktopTargetPlatform
[2017.08.19-15.43.16:960][  0]LogTemp:Display: Loaded TP MacClientTargetPlatform
[2017.08.19-15.43.17:029][  0]LogTemp:Display: Loaded TP MacNoEditorTargetPlatform
[2017.08.19-15.43.17:110][  0]LogTemp:Display: Loaded TP MacServerTargetPlatform
[2017.08.19-15.43.17:198][  0]LogTemp:Display: Loaded TP MacTargetPlatform
[2017.08.19-15.43.17:273][  0]LogTemp:Display: Loaded TP WindowsClientTargetPlatform
[2017.08.19-15.43.17:344][  0]LogTemp:Display: Loaded TP WindowsNoEditorTargetPlatform
[2017.08.19-15.43.17:427][  0]LogTemp:Display: Loaded TP WindowsServerTargetPlatform
[2017.08.19-15.43.17:486][  0]LogTemp:Display: Loaded TP WindowsTargetPlatform
[2017.08.19-15.43.17:563][  0]LogTemp:Display: Loaded TP AndroidTargetPlatform
[2017.08.19-15.43.17:655][  0]LogTemp:Display: Loaded TP Android_ASTCTargetPlatform
[2017.08.19-15.43.17:723][  0]LogTemp:Display: Loaded TP Android_ATCTargetPlatform
[2017.08.19-15.43.17:791][  0]LogTemp:Display: Loaded TP Android_DXTTargetPlatform
[2017.08.19-15.43.17:874][  0]LogTemp:Display: Loaded TP Android_ETC1TargetPlatform
[2017.08.19-15.43.17:941][  0]LogTemp:Display: Loaded TP Android_ETC2TargetPlatform
[2017.08.19-15.43.18:078][  0]LogTemp:Display: Loaded TP Android_MultiTargetPlatform
[2017.08.19-15.43.18:078][  0]LogTemp:Display: Loaded TP Android_PVRTCTargetPlatform
[2017.08.19-15.43.18:147][  0]LogTemp:Display: Loaded TP HTML5TargetPlatform
[2017.08.19-15.43.18:263][  0]LogTemp:Display: Loaded TP IOSTargetPlatform
[2017.08.19-15.43.18:311][  0]LogTemp:Display: Loaded TP TVOSTargetPlatform
[2017.08.19-15.43.18:404][  0]LogTemp:Display: Loaded TP LinuxClientTargetPlatform
[2017.08.19-15.43.18:474][  0]LogTemp:Display: Loaded TP LinuxNoEditorTargetPlatform
[2017.08.19-15.43.18:544][  0]LogTemp:Display: Loaded TP LinuxServerTargetPlatform
[2017.08.19-15.43.18:653][  0]LogTemp:Display: Loaded TP LinuxTargetPlatform
[2017.08.19-15.43.18:653][  0]LogTargetPlatformManager:Display: Building Assets For Windows
[2017.08.19-15.43.19:178][  0]LogDerivedDataCache:Display: Max Cache Size: 512 MB
[2017.08.19-15.43.19:248][  0]LogDerivedDataCache: Loaded boot cache 0.07s 50MB C:/Users/Dmitr/AppData/Local/UnrealEngine/4.15/DerivedDataCache/Boot.ddc.
[2017.08.19-15.43.19:248][  0]LogDerivedDataCache:Display: Loaded Boot cache: C:/Users/Dmitr/AppData/Local/UnrealEngine/4.15/DerivedDataCache/Boot.ddc
[2017.08.19-15.43.19:248][  0]LogDerivedDataCache: FDerivedDataBackendGraph:  Pak pak cache file ../../../../../Programs/MegaFolderMax/GameContent/ProjectRise 4.15/DerivedDataCache/DDC.ddp not found, will not use a pak cache.
[2017.08.19-15.43.19:248][  0]LogDerivedDataCache: Unable to find inner node Pak for hierarchical cache Hierarchy.
[2017.08.19-15.43.19:248][  0]LogDerivedDataCache: FDerivedDataBackendGraph:  CompressedPak pak cache file ../../../../../Programs/MegaFolderMax/GameContent/ProjectRise 4.15/DerivedDataCache/Compressed.ddp not found, will not use a pak cache.
[2017.08.19-15.43.19:248][  0]LogDerivedDataCache: Unable to find inner node CompressedPak for hierarchical cache Hierarchy.
[2017.08.19-15.43.19:274][  0]LogDerivedDataCache:Display: Pak cache opened for reading ../../../Engine/DerivedDataCache/Compressed.ddp.
[2017.08.19-15.43.19:287][  0]LogDerivedDataCache: Using Local data cache path C:/Users/Dmitr/AppData/Local/UnrealEngine/Common/DerivedDataCache: Writable
[2017.08.19-15.43.19:300][  0]LogSlate: Using Freetype 2.6.0
[2017.08.19-15.43.19:301][  0]LogSlate: SlateFontCache - WITH_FREETYPE: 1, WITH_HARFBUZZ: 1
[2017.08.19-15.43.19:301][  0]LogSlate: SlateFontCache - WITH_FREETYPE: 1, WITH_HARFBUZZ: 1
[2017.08.19-15.43.19:829][  0]LogInit: Selected Device Profile: [Windows]
[2017.08.19-15.43.19:832][  0]LogContentStreaming: Texture pool size is 0.00 MB
[2017.08.19-15.43.20:149][  0]LogMeshUtilities: Using QuadricMeshReduction for automatic static mesh reduction
[2017.08.19-15.43.20:219][  0]LogSimplygon: Simplygon DLL not present - disabling.
[2017.08.19-15.43.20:276][  0]LogMeshUtilities: Using SimplygonSwarm for distributed automatic mesh merging
[2017.08.19-15.43.20:276][  0]LogMeshUtilities: No automatic skeletal mesh reduction module available
[2017.08.19-15.43.20:276][  0]LogMeshUtilities: No automatic mesh merging module available
[2017.08.19-15.43.21:065][  0]LogNetVersion: GetLocalNetworkVersion: CL: 3299760, ProjectName: projectrise, ProjectVersion: , EngineNetworkVersion: 2, GameNetworkVersion: 0, NetworkChecksum: 1405337400
[2017.08.19-15.43.21:113][  0]LogAssetRegistry: FAssetRegistry took 0.0216 seconds to start up
[2017.08.19-15.43.21:169][  0]LogPackageLocalizationCache: Processed 3 localized package path(s) for 1 prioritized culture(s) in 0.034370 seconds
[2017.08.19-15.43.21:176][  0]LogUObjectArray: 32493 objects as part of root set at end of initial load.
[2017.08.19-15.43.21:176][  0]LogUObjectAllocator: 7077024 out of 0 bytes used by permanent object pool.
[2017.08.19-15.43.21:176][  0]LogUObjectArray: CloseDisregardForGC: 0/0 objects in disregard for GC pool
[2017.08.19-15.43.21:265][  0]LogInit: WinSock: version 1.1 (2.2), MaxSocks=32767, MaxUdp=65467
[2017.08.19-15.43.23:595][  0]LogSubstanceCoreModule: Substance [CPU] Engine Loaded, Max Texture Size = 2048
[2017.08.19-15.43.23:644][  0]LogTcpMessaging: Initializing TcpMessaging bridge
[2017.08.19-15.43.23:685][  0]LogUdpMessaging: Initializing bridge on interface 0.0.0.0:0 to multicast group 230.0.0.1:6666.
[2017.08.19-15.43.24:235][  0]LogMaterial: Uniform references updated for custom material expression Custom.
[2017.08.19-15.43.24:768][  0]SourceControl: Info Source control is disabled
[2017.08.19-15.43.24:768][  0]SourceControl: Info Source control is disabled
[2017.08.19-15.43.24:827][  0]SourceControl: Info Source control is disabled
[2017.08.19-15.43.24:882][  0]SourceControl: Info Source control is disabled
[2017.08.19-15.43.26:496][  0]LogEngine: Initializing Engine...
[2017.08.19-15.43.26:497][  0]LogHMD: Failed to initialize OpenVR with code 110
[2017.08.19-15.43.26:673][  0]LogStats: UGameplayTagsManager::ConstructGameplayTagTree: Construct from data asset -  0.000 s
[2017.08.19-15.43.26:673][  0]LogStats: UGameplayTagsManager::ConstructGameplayTagTree: GameplayTagTreeChangedEvent.Broadcast -  0.000 s
[2017.08.19-15.43.26:844][  0]LogAIModule: Creating AISystem for world Untitled
[2017.08.19-15.43.26:854][  0]LogInit: XAudio2 using 'Speakers (Realtek High Definition Audio)' : 2 channels at 48 kHz using 32 bits per sample (channel mask 0x3)
[2017.08.19-15.43.26:883][  0]LogInit: FAudioDevice initialized.
[2017.08.19-15.43.26:912][  0]LogDerivedDataCache: Saved boot cache 0.03s 50MB C:/Users/Dmitr/AppData/Local/UnrealEngine/4.15/DerivedDataCache/Boot.ddc.
[2017.08.19-15.43.26:918][  0]LogInit: Texture streaming: Enabled
[2017.08.19-15.43.27:037][  0]LogEngineSessionManager: EngineSessionManager initialized
[2017.08.19-15.43.27:145][  0]LogInit: Transaction tracking system initialized
[2017.08.19-15.43.27:589][  0]BlueprintLog: New page: Editor Load
[2017.08.19-15.43.28:749][  0]LocalizationService: Info Localization service is disabled
[2017.08.19-15.43.29:573][  0]LogConsoleResponse:Display: 
[2017.08.19-15.43.29:832][  0]LogCook:Display: Max memory allowance for cook 16384mb min free memory 0mb
[2017.08.19-15.43.29:832][  0]LogCook:Display: Mobile HDR setting 1
[2017.08.19-15.43.30:538][  0]LogFileCache: Scanning file cache for directory 'D:/Programs/MegaFolderMax/GameContent/ProjectRise 4.15/Content/' took 0.06s
[2017.08.19-15.43.31:108][  0]SourceControl: Info Source control is disabled
[2017.08.19-15.43.31:108][  0]Cmd: MAP LOAD FILE="../../../../../Programs/MegaFolderMax/GameContent/ProjectRise 4.15/Content/Levels/TestLevel/Test1.umap" TEMPLATE=0 SHOWPROGRESS=1 FEATURELEVEL=3
[2017.08.19-15.43.31:146][  0]LightingResults: New page: Lighting Build
[2017.08.19-15.43.31:201][  0]MapCheck: New page: Map Check
[2017.08.19-15.43.31:201][  0]LightingResults: New page: Lighting Build
[2017.08.19-15.43.32:400][  0]LogMaterial: Missing cached shader map for material Basement_Door01Mat01, compiling. 
[2017.08.19-15.43.32:424][  0]LogMaterial:Warning: Failed to compile Material /Game/Environment/Basement/Basement_Door/Basement_Door01Mat01/Basement_Door01Mat01.Basement_Door01Mat01 for platform PCD3D_SM5, Default Material will be used in game.
[2017.08.19-15.43.32:424][  0]LogMaterial:Warning: 	(Node TextureSample) TextureSample> Sampler type is Color, should be Linear Color for /Game/Environment/Basement/Basement_Wall/Basement_Wall01Mat01/01/Basement_Wall01_Wall_OcclusionRoughnessMetallic.Basement_Wall01_Wall_OcclusionRoughnessMetallic
[2017.08.19-15.43.32:424][  0]LogMaterial:Warning: 	(Node TextureSample) TextureSample> Sampler type is Color, should be Linear Color for /Game/Environment/Basement/Basement_Wall/Basement_Wall01Mat01/02/Basement_Wall01_Wall_OcclusionRoughnessMetallic.Basement_Wall01_Wall_OcclusionRoughnessMetallic
[2017.08.19-15.43.33:074][  0]LogAIModule: Creating AISystem for world Test1
[2017.08.19-15.43.33:126][  0]LogEditorServer: Finished looking for orphan Actors (0.000 secs)
[2017.08.19-15.43.33:127][  0]MapCheck: Info Repaired painted vertex colors in 0.0s for 150 components in /Game/Levels/TestLevel/Test1.  Resave map to fix. 
[2017.08.19-15.43.33:127][  0]MapCheck:Warning: Warning Spent 0.0s repairing painted vertex colors due to static mesh re-imports!  This will happen every load until the maps are resaved. 
[2017.08.19-15.43.33:127][  0]Cmd: MAP CHECKDEP NOCLEARLOG
[2017.08.19-15.43.33:200][  0]MapCheck: Info Map check complete: 0 Error(s), 1 Warning(s), took 72.745ms to complete.
[2017.08.19-15.43.33:211][  0]LogFileHelpers: Loading map 'Test1' took 2.103
[2017.08.19-15.43.33:287][  0]LogWindowsTextInputMethodSystem:Display: IME system now deactivated.
[2017.08.19-15.43.33:452][  0]LogCollectionManager: Loaded 1 collections in 0.001715 seconds
[2017.08.19-15.43.33:551][  0]LogFileCache: Scanning file cache for directory 'D:/Programs/MegaFolderMax/GameContent/ProjectRise 4.15/Saved/Collections/' took 0.01s
[2017.08.19-15.43.33:551][  0]LogFileCache: Scanning file cache for directory 'D:/Programs/MegaFolderMax/GameContent/ProjectRise 4.15/Content/Developers/Dmitr/Collections/' took 0.01s
[2017.08.19-15.43.33:551][  0]LogFileCache: Scanning file cache for directory 'D:/Programs/MegaFolderMax/GameContent/ProjectRise 4.15/Content/Collections/' took 0.01s
[2017.08.19-15.43.33:551][  0]LogCollectionManager: Rebuilt the GUID cache for 1 collections in 0.000004 seconds
[2017.08.19-15.43.33:551][  0]LogCollectionManager: Rebuilt the hierarchy cache for 1 collections in 0.000000 seconds
[2017.08.19-15.43.33:564][  0]LogContentBrowser: Native class hierarchy populated in 0.0129 seconds. Added 2259 classes and 459 folders.
[2017.08.19-15.43.33:636][  0]LogContentBrowser: Native class hierarchy updated for 'WidgetCarousel' in 0.0007 seconds. Added 0 classes and 0 folders.
[2017.08.19-15.43.33:688][  0]LogContentBrowser: Native class hierarchy updated for 'AddContentDialog' in 0.0009 seconds. Added 0 classes and 0 folders.
[2017.08.19-15.43.33:758][  0]LogContentBrowser: Native class hierarchy updated for 'SceneOutliner' in 0.0064 seconds. Added 1 classes and 2 folders.
[2017.08.19-15.43.33:830][  0]LogContentBrowser: Native class hierarchy updated for 'WorldBrowser' in 0.0008 seconds. Added 1 classes and 3 folders.
[2017.08.19-15.43.33:983][  0]LogCrashTracker: Crashtracker disabled due to settings.
[2017.08.19-15.43.33:993][  0]LogUObjectGlobals:Warning: Failed to find object 'Class None.'
[2017.08.19-15.43.34:078][  0]LogContentBrowser: Native class hierarchy updated for 'HierarchicalLODOutliner' in 0.0008 seconds. Added 1 classes and 2 folders.
[2017.08.19-15.43.34:078][  0]LogLoad: (Engine Initialization) Total time: 27.81 seconds
[2017.08.19-15.43.34:078][  0]LogLoad: (Engine Initialization) Total Blueprint compile time: 0.09 seconds
[2017.08.19-15.43.34:078][  0]LogExternalProfiler: Found external profiler: VSPerf
[2017.08.19-15.43.34:078][  0]LogExternalProfiler: Using external profiler: VSPerf
[2017.08.19-15.43.34:099][  0]LogOcInput: OculusInput pre-init called
[2017.08.19-15.43.34:119][  0]LogContentStreaming: Texture pool size now 800 MB
[2017.08.19-15.43.34:121][  0]LogSlate: Took 0.000387 seconds to synchronously load lazily loaded font '../../../Engine/Content/Slate/Fonts/Roboto-Bold.ttf' (160K)
[2017.08.19-15.43.34:125][  0]LogSlate: Took 0.000355 seconds to synchronously load lazily loaded font '../../../Engine/Content/Slate/Fonts/Roboto-Regular.ttf' (155K)
[2017.08.19-15.43.34:137][  0]LogSlate: Took 0.000365 seconds to synchronously load lazily loaded font '../../../Engine/Content/Editor/Slate/Fonts/FontAwesome.ttf' (139K)
[2017.08.19-15.43.34:361][  0]LogRenderer: Reallocating scene render targets to support 964x436 NumSamples 1 (Frame:2).
[2017.08.19-15.43.34:673][  2]LogAssetRegistry: Asset discovery search completed in 13.5813 seconds
[2017.08.19-15.43.34:673][  2]LogCollectionManager: Rebuilt the object cache for 1 collections in 0.000008 seconds (found 0 objects)
[2017.08.19-15.43.34:673][  2]LogCollectionManager: Fixed up redirectors for 1 collections in 0.000025 seconds (updated 0 objects)
[2017.08.19-15.43.35:129][ 11]LogSlate: Took 0.000545 seconds to synchronously load lazily loaded font '../../../Engine/Content/Slate/Fonts/Roboto-Light.ttf' (159K)
[2017.08.19-15.43.38:608][ 41]LogSlate: Took 0.000307 seconds to synchronously load lazily loaded font '../../../Engine/Content/Slate/Fonts/Roboto-Light.ttf' (159K)
[2017.08.19-15.43.39:607][ 44]LogLinker:Warning: Can't resolve asset name
[2017.08.19-15.43.41:987][ 44]LogSlate: Took 0.000321 seconds to synchronously load lazily loaded font '../../../Engine/Content/Slate/Fonts/Roboto-Light.ttf' (159K)
[2017.08.19-15.43.43:024][ 44]LogContentBrowser: Native class hierarchy updated for 'BlueprintGraph' in 0.0012 seconds. Added 112 classes and 0 folders.
[2017.08.19-15.43.44:858][ 44]LogSlate: Took 0.012078 seconds to synchronously load lazily loaded font '../../../Engine/Content/Editor/Slate/Fonts/Roboto-BoldCondensed.ttf' (158K)
[2017.08.19-15.43.45:551][ 45]LogSlate: Took 0.009764 seconds to synchronously load lazily loaded font '../../../Engine/Content/Editor/Slate/Fonts/Roboto-Italic.ttf' (157K)
[2017.08.19-15.44.26:066][351]LogAIModule: Creating AISystem for world BoilerRoomRoot
[2017.08.19-15.44.26:118][351]Cmd: MAP LOAD FILE="../../../../../Programs/MegaFolderMax/GameContent/ProjectRise 4.15/Content/Levels/BoilerRoom/BoilerRoomRoot.umap" TEMPLATE=0 SHOWPROGRESS=1 FEATURELEVEL=3
[2017.08.19-15.44.26:118][351]LightingResults: New page: Lighting Build
[2017.08.19-15.44.26:121][351]LoadErrors: New page: Loading map: BoilerRoomRoot.umap
[2017.08.19-15.44.26:125][351]MapCheck: New page: Map Check
[2017.08.19-15.44.26:125][351]LightingResults: New page: Lighting Build
[2017.08.19-15.44.27:741][351]LogEditorServer: Finished looking for orphan Actors (0.000 secs)
[2017.08.19-15.44.27:777][351]Cmd: MAP CHECKDEP NOCLEARLOG
[2017.08.19-15.44.27:879][351]MapCheck: Info Map check complete: 0 Error(s), 0 Warning(s), took 102.41ms to complete.
[2017.08.19-15.44.27:880][351]LogSlate: Took 0.000255 seconds to synchronously load lazily loaded font '../../../Engine/Content/Slate/Fonts/Roboto-Regular.ttf' (155K)
[2017.08.19-15.44.27:885][351]LogFileHelpers: Loading map 'BoilerRoomRoot' took 1.768
[2017.08.19-15.44.37:922][607]LogAIModule: Creating AISystem for world BoilerFloorRoomEditor
[2017.08.19-15.44.52:775][ 21]LogSpawn:Warning: UWorld::DestroyActor: World has no context! World: BoilerFloorItemRoom, Actor: /Game/Levels/BoilerRoom/BoilerFloorItemRoom.BoilerFloorItemRoom:PersistentLevel.BoilerFloorRoomEditor_C_1
[2017.08.19-15.44.53:083][ 21]LogAIModule: Creating AISystem for world BoilerFloorItemRoom
[2017.08.19-15.44.56:390][ 54]LogSpawn:Warning: UWorld::DestroyActor: World has no context! World: BoilerFloorItemRoom, Actor: /Game/Levels/BoilerRoom/BoilerFloorItemRoom.BoilerFloorItemRoom:PersistentLevel.BoilerFloorItemRoom_C_0
[2017.08.19-15.44.56:914][ 54]LogSavePackage: Save=764.80ms
[2017.08.19-15.44.56:914][ 54]LogSavePackage: Moving '../../../../../Programs/MegaFolderMax/GameContent/ProjectRise 4.15/Saved/BoilerFloorItemRoom649C8CA24E3781FEFA93968CF50751E2.tmp' to '../../../../../Programs/MegaFolderMax/GameContent/ProjectRise 4.15/Content/Levels/BoilerRoom/BoilerFloorItemRoom.umap'
[2017.08.19-15.44.56:918][ 54]LogSavePackage:Display: Finished SavePackage ../../../../../Programs/MegaFolderMax/GameContent/ProjectRise 4.15/Content/Levels/BoilerRoom/BoilerFloorItemRoom.umap
[2017.08.19-15.44.56:920][ 54]LogFileHelpers: Saving map 'BoilerFloorItemRoom' took 0.891
[2017.08.19-15.44.56:924][ 54]Cmd: MAP LOAD FILE="../../../../../Programs/MegaFolderMax/GameContent/ProjectRise 4.15/Content/Levels/BoilerRoom/BoilerFloorItemRoom.umap" TEMPLATE=0 SHOWPROGRESS=1 FEATURELEVEL=3
[2017.08.19-15.44.56:924][ 54]LightingResults: New page: Lighting Build
[2017.08.19-15.44.56:926][ 54]LoadErrors: New page: Loading map: BoilerFloorItemRoom.umap
[2017.08.19-15.44.56:935][ 54]MapCheck: New page: Map Check
[2017.08.19-15.44.56:935][ 54]LightingResults: New page: Lighting Build
[2017.08.19-15.44.57:141][ 54]LogEditorServer: Finished looking for orphan Actors (0.000 secs)
[2017.08.19-15.44.57:177][ 54]Cmd: MAP CHECKDEP NOCLEARLOG
[2017.08.19-15.44.57:280][ 54]MapCheck: Info Map check complete: 0 Error(s), 0 Warning(s), took 102.449ms to complete.
[2017.08.19-15.44.57:281][ 54]LogFileHelpers: Loading map 'BoilerFloorItemRoom' took 0.358
[2017.08.19-15.45.05:036][259]LogEditorViewport: Clicking on Actor (LMB): StaticMeshActor (Door3)
[2017.08.19-15.45.07:144][323]Cmd: TRANSACTION UNDO
[2017.08.19-15.45.07:144][323]LogEditorTransaction: Undo Move Actors
[2017.08.19-15.45.14:299][486]EditorErrors: New page: Actor attachment
[2017.08.19-15.45.15:382][507]EditorErrors: New page: Actor attachment
[2017.08.19-15.45.16:970][547]EditorErrors: New page: Actor attachment
[2017.08.19-15.46.01:608][469]LogEditorViewport: Clicking Background
[2017.08.19-15.46.05:500][686]LogEditorViewport: Clicking on Actor (LMB): StaticMeshActor (MainDoor)
[2017.08.19-15.46.09:166][821]EditorErrors: New page: Actor attachment
[2017.08.19-15.46.10:574][878]EditorErrors: New page: Actor attachment
[2017.08.19-15.46.14:621][ 99]LogEditorViewport: Clicking on Actor (LMB): StaticMeshActor (Door3)
[2017.08.19-15.46.22:268][537]LogEditorViewport: Clicking on Actor (LMB): StaticMeshActor (Wall4x4Mat1_3)
[2017.08.19-15.46.25:452][715]Cmd: DELETE
[2017.08.19-15.46.25:452][715]Cmd: ACTOR DELETE
[2017.08.19-15.46.25:453][715]LogEditorActor: Deleted Actor: StaticMeshActor
[2017.08.19-15.46.25:480][715]LogEditorActor: Deleted 1 Actors (0.027 secs)
[2017.08.19-15.46.26:252][760]LogEditorViewport: Clicking on Actor (LMB): StaticMeshActor (Floor4x4_18)
[2017.08.19-15.46.27:141][808]LogEditorViewport: Clicking on Actor (CTRL LMB): StaticMeshActor (Floor4x4_17)
[2017.08.19-15.46.31:316][ 41]LogEditorViewport: Clicking on Actor (LMB): StaticMeshActor (Door3)
[2017.08.19-15.46.41:544][628]LogEditorViewport: Clicking Background
[2017.08.19-15.46.43:532][744]LogEditorViewport: Clicking on Actor (LMB): StaticMeshActor (Door2)
[2017.08.19-15.46.47:074][946]LogEditorViewport: Clicking on Actor (LMB): StaticMeshActor (Floor4x4_18)
[2017.08.19-15.46.53:263][295]LogEditorViewport: Clicking on Actor (LMB): StaticMeshActor (Floor4x4_21)
[2017.08.19-15.46.56:003][447]LogEditorViewport: Clicking on Actor (LMB): StaticMeshActor (Floor4x4_24)
[2017.08.19-15.46.59:302][632]LogEditorViewport: Clicking on Actor (LMB): StaticMeshActor (Door2)
[2017.08.19-15.47.01:865][777]LogEditorViewport: Clicking on Actor (LMB): StaticMeshActor (Wall4x4Mat1_11)
[2017.08.19-15.47.03:290][856]Cmd: DELETE
[2017.08.19-15.47.03:292][856]Cmd: ACTOR DELETE
[2017.08.19-15.47.03:292][856]LogEditorActor: Deleted Actor: StaticMeshActor
[2017.08.19-15.47.03:325][856]LogEditorActor: Deleted 1 Actors (0.033 secs)
[2017.08.19-15.47.04:175][906]LogEditorViewport: Clicking on Actor (LMB): StaticMeshActor (Door1)
[2017.08.19-15.47.09:625][221]LogEditorViewport: Clicking on Actor (LMB): StaticMeshActor (Floor4x4_27)
[2017.08.19-15.47.10:393][261]Cmd: DELETE
[2017.08.19-15.47.10:393][261]Cmd: ACTOR DELETE
[2017.08.19-15.47.10:394][261]LogEditorActor: Deleted Actor: StaticMeshActor
[2017.08.19-15.47.10:417][261]LogEditorActor: Deleted 1 Actors (0.023 secs)
[2017.08.19-15.47.10:906][289]LogEditorViewport: Clicking on Actor (LMB): StaticMeshActor (Floor4x4_26)
[2017.08.19-15.47.11:143][299]Cmd: DELETE
[2017.08.19-15.47.11:143][299]Cmd: ACTOR DELETE
[2017.08.19-15.47.11:144][299]LogEditorActor: Deleted Actor: StaticMeshActor
[2017.08.19-15.47.11:168][299]LogEditorActor: Deleted 1 Actors (0.024 secs)
[2017.08.19-15.47.13:731][403]LogSavePackage: Save=713.43ms
[2017.08.19-15.47.13:731][403]LogSavePackage: Moving '../../../../../Programs/MegaFolderMax/GameContent/ProjectRise 4.15/Saved/BoilerFloorItemRoomDD27E99B450175C1AD179182406EE0D4.tmp' to '../../../../../Programs/MegaFolderMax/GameContent/ProjectRise 4.15/Content/Levels/BoilerRoom/BoilerFloorItemRoom.umap'
[2017.08.19-15.47.13:736][403]LogSavePackage:Display: Finished SavePackage ../../../../../Programs/MegaFolderMax/GameContent/ProjectRise 4.15/Content/Levels/BoilerRoom/BoilerFloorItemRoom.umap
[2017.08.19-15.47.15:309][471]LogAIModule: Creating AISystem for world BoilerRoomRoot
[2017.08.19-15.47.15:342][471]Cmd: MAP LOAD FILE="../../../../../Programs/MegaFolderMax/GameContent/ProjectRise 4.15/Content/Levels/BoilerRoom/BoilerRoomRoot.umap" TEMPLATE=0 SHOWPROGRESS=1 FEATURELEVEL=3
[2017.08.19-15.47.15:342][471]LightingResults: New page: Lighting Build
[2017.08.19-15.47.15:344][471]LoadErrors: New page: Loading map: BoilerRoomRoot.umap
[2017.08.19-15.47.15:346][471]MapCheck: New page: Map Check
[2017.08.19-15.47.15:346][471]LightingResults: New page: Lighting Build
[2017.08.19-15.47.16:485][471]LogEditorServer: Finished looking for orphan Actors (0.000 secs)
[2017.08.19-15.47.16:523][471]Cmd: MAP CHECKDEP NOCLEARLOG
[2017.08.19-15.47.16:620][471]MapCheck: Info Map check complete: 0 Error(s), 0 Warning(s), took 96.562ms to complete.
[2017.08.19-15.47.16:622][471]LogFileHelpers: Loading map 'BoilerRoomRoot' took 1.282
[2017.08.19-15.47.29:723][845]LogEditorViewport: Clicking on Actor (LMB): ControllerV2_C (ControllerV2)
[2017.08.19-15.48.28:082][110]BlueprintLog: New page: Compile ControllerV2
[2017.08.19-15.48.30:256][180]BlueprintLog: New page: Compile ControllerV2
[2017.08.19-15.48.31:071][200]LogRenderer: Reallocating scene render targets to support 964x684 NumSamples 1 (Frame:6517).
[2017.08.19-15.48.35:230][394]LogEditorViewport: Clicking on Actor (LMB): ControllerV2_C (ControllerV2)
[2017.08.19-15.48.58:865][238]BlueprintLog: New page: Compile ControllerV2
[2017.08.19-15.49.14:001][737]LogSpawn:Warning: UWorld::DestroyActor: World has no context! World: BoilerFloorItemRoom, Actor: /Game/Levels/BoilerRoom/BoilerFloorItemRoom.BoilerFloorItemRoom:PersistentLevel.BoilerFloorItemRoom_C_0
[2017.08.19-15.49.14:486][737]LogSavePackage: Save=715.38ms
[2017.08.19-15.49.14:486][737]LogSavePackage: Moving '../../../../../Programs/MegaFolderMax/GameContent/ProjectRise 4.15/Saved/BoilerFloorItemRoomA2E8A01748DA992B087738ACC8B88095.tmp' to '../../../../../Programs/MegaFolderMax/GameContent/ProjectRise 4.15/Content/Levels/BoilerRoom/BoilerFloorItemRoom.umap'
[2017.08.19-15.49.14:490][737]LogSavePackage:Display: Finished SavePackage ../../../../../Programs/MegaFolderMax/GameContent/ProjectRise 4.15/Content/Levels/BoilerRoom/BoilerFloorItemRoom.umap
[2017.08.19-15.49.18:131][915]LogSpawn:Warning: UWorld::DestroyActor: World has no context! World: BoilerFloorItemRoom, Actor: /Game/Levels/BoilerRoom/BoilerFloorItemRoom.BoilerFloorItemRoom:PersistentLevel.BoilerFloorItemRoom_C_1
[2017.08.19-15.49.18:608][915]LogSavePackage: Save=719.99ms
[2017.08.19-15.49.18:608][915]LogSavePackage: Moving '../../../../../Programs/MegaFolderMax/GameContent/ProjectRise 4.15/Saved/BoilerFloorItemRoom8DB2F5E641F75FAEF5876DAA68C8771C.tmp' to '../../../../../Programs/MegaFolderMax/GameContent/ProjectRise 4.15/Content/Levels/BoilerRoom/BoilerFloorItemRoom.umap'
[2017.08.19-15.49.18:612][915]LogSavePackage:Display: Finished SavePackage ../../../../../Programs/MegaFolderMax/GameContent/ProjectRise 4.15/Content/Levels/BoilerRoom/BoilerFloorItemRoom.umap
[2017.08.19-15.49.54:708][644]LogProperty:Warning: Illegal TEXT reference to a private object in external package (EdGraph /Game/Levels/BoilerRoom/BoilerFloorBoss.BoilerFloorBoss:PersistentLevel.BoilerFloorBoss.Decrese Special room count) from referencer (K2Node_MacroInstance /Game/Levels/BoilerRoom/BoilerFloorItemRoom.BoilerFloorItemRoom:PersistentLevel.BoilerFloorItemRoom.EventGraph.K2Node_MacroInstance_1482).  Import failed...
[2017.08.19-15.49.54:708][644]LogProperty:Warning: ObjectProperty /Script/Engine.GraphReference:MacroGraph: unresolved reference to 'EdGraph'"Decrese Special room count"',GraphBlueprint=LevelScriptBlueprint'/Game/Levels/BoilerRoom/BoilerFloorBoss.BoilerFloorBoss:PersistentLevel.BoilerFloorBoss',GraphGuid=A8A4995747BDC42C8F02BD96759FA6DC)'
[2017.08.19-15.49.57:142][644]LogStats: FPlatformStackWalk::StackWalkAndDump -  2.421 s
[2017.08.19-15.49.57:142][644]LogOutputDevice:Error: === Handled ensure: ===
[2017.08.19-15.49.57:142][644]LogOutputDevice:Error: 
[2017.08.19-15.49.57:142][644]LogOutputDevice:Error: Ensure condition failed: ToPin->LinkedTo.Contains(this) [File:D:\Build\++UE4+Release-4.15+Compile\Sync\Engine\Source\Runtime\Engine\Private\EdGraph\EdGraphPin.cpp] [Line: 333]
[2017.08.19-15.49.57:142][644]LogOutputDevice:Error: UEdGraphPin::BreakLinkTo Pin 'then' on node 'Start' not reciprocally linked with pin 'execute' on node 'Async'
[2017.08.19-15.49.57:142][644]LogOutputDevice:Error: Stack: 
[2017.08.19-15.49.57:142][644]LogOutputDevice:Error: UE4Editor-Core.dll!0x000000006F9795E6
[2017.08.19-15.49.57:142][644]LogOutputDevice:Error: UE4Editor-Core.dll!0x000000006F729B82
[2017.08.19-15.49.57:142][644]LogOutputDevice:Error: UE4Editor-Core.dll!0x000000006F73B666
[2017.08.19-15.49.57:142][644]LogOutputDevice:Error: UE4Editor-Engine.dll!0x000000005C458783
[2017.08.19-15.49.57:142][644]LogOutputDevice:Error: UE4Editor-Engine.dll!0x000000005C4585C6
[2017.08.19-15.49.57:142][644]LogOutputDevice:Error: UE4Editor-Engine.dll!0x000000005C458157
[2017.08.19-15.49.57:142][644]LogOutputDevice:Error: UE4Editor-UnrealEd.dll!0x000000006E0A77CF
[2017.08.19-15.49.57:142][644]LogOutputDevice:Error: UE4Editor-UnrealEd.dll!0x000000006E276D8A
[2017.08.19-15.49.57:142][644]LogOutputDevice:Error: UE4Editor-UnrealEd.dll!0x000000006E0901A3
[2017.08.19-15.49.57:142][644]LogOutputDevice:Error: UE4Editor-Kismet.dll!0x0000000065E32E2C
[2017.08.19-15.49.57:142][644]LogOutputDevice:Error: UE4Editor-Kismet.dll!0x0000000065E32C0F
[2017.08.19-15.49.57:142][644]LogOutputDevice:Error: UE4Editor-Kismet.dll!0x0000000065DC1941
[2017.08.19-15.49.57:142][644]LogOutputDevice:Error: UE4Editor-Kismet.dll!0x0000000065DC63E6
[2017.08.19-15.49.57:142][644]LogOutputDevice:Error: UE4Editor-Slate.dll!0x0000000070C48894
[2017.08.19-15.49.57:142][644]LogOutputDevice:Error: UE4Editor-Slate.dll!0x0000000070C8DBC2
[2017.08.19-15.49.57:142][644]LogOutputDevice:Error: UE4Editor-GraphEditor.dll!0x00000000668A5F7D
[2017.08.19-15.49.57:142][644]LogOutputDevice:Error: UE4Editor-Slate.dll!0x0000000070C331D4
[2017.08.19-15.49.57:142][644]LogOutputDevice:Error: UE4Editor-Slate.dll!0x0000000070C0376E
[2017.08.19-15.49.57:142][644]LogOutputDevice:Error: UE4Editor-Slate.dll!0x0000000070C05366
[2017.08.19-15.49.57:142][644]LogOutputDevice:Error: UE4Editor-Slate.dll!0x0000000070C8F449
[2017.08.19-15.49.57:142][644]LogOutputDevice:Error: UE4Editor-Slate.dll!0x0000000070C7E3C8
[2017.08.19-15.49.57:142][644]LogOutputDevice:Error: UE4Editor-Core.dll!0x000000006F96CB3C
[2017.08.19-15.49.57:142][644]LogOutputDevice:Error: UE4Editor-Core.dll!0x000000006F9567C1
[2017.08.19-15.49.57:142][644]LogOutputDevice:Error: UE4Editor-Core.dll!0x000000006F96EA1C
[2017.08.19-15.49.57:142][644]LogOutputDevice:Error: UE4Editor-Core.dll!0x000000006F9526E9
[2017.08.19-15.49.57:142][644]LogOutputDevice:Error: USER32.dll!0x00000000B172BC50
[2017.08.19-15.49.57:142][644]LogOutputDevice:Error: USER32.dll!0x00000000B172B5CF
[2017.08.19-15.49.57:142][644]LogOutputDevice:Error: UE4Editor-Core.dll!0x000000006F96F326
[2017.08.19-15.49.57:142][644]LogOutputDevice:Error: UE4Editor.exe!0x00000000530FD790
[2017.08.19-15.49.57:142][644]LogOutputDevice:Error: UE4Editor.exe!0x00000000530EEB40
[2017.08.19-15.49.57:142][644]LogOutputDevice:Error: UE4Editor.exe!0x00000000530EEBBA
[2017.08.19-15.49.57:142][644]LogOutputDevice:Error: UE4Editor.exe!0x0000000053100A29
[2017.08.19-15.49.57:142][644]LogOutputDevice:Error: UE4Editor.exe!0x00000000531022B6
[2017.08.19-15.49.57:142][644]LogOutputDevice:Error: KERNEL32.DLL!0x00000000B0C62774
[2017.08.19-15.49.57:142][644]LogOutputDevice:Error: ntdll.dll!0x00000000B36D0D51
[2017.08.19-15.49.57:142][644]LogOutputDevice:Error: 
[2017.08.19-15.49.57:153][644]LogStats:                SubmitErrorReport -  0.000 s
