Log file open, 08/13/17 01:28:22
LogInit:Display: Running engine for game: ProjectRise
LogPlatformFile: Not using cached read wrapper
LogInit:Display: RandInit(-791259559) SRandInit(-791259558).
LogTaskGraph: Started task graph with 5 named threads and 8 total threads with 1 sets of task threads.
LogStats: Stats thread started at 12.362386
LogInit: Using libcurl 7.47.1
LogInit:  - built for x86_64-pc-win32
LogInit:  - supports SSL with OpenSSL/1.0.2g
LogInit:  - supports HTTP deflate (compression) using libz 1.2.8
LogInit:  - other features:
LogInit:      CURL_VERSION_SSL
LogInit:      CURL_VERSION_LIBZ
LogInit:      CURL_VERSION_IPV6
LogInit:      CURL_VERSION_ASYNCHDNS
LogInit:      CURL_VERSION_LARGEFILE
LogInit:      CURL_VERSION_IDN
LogInit:  CurlRequestOptions (configurable via config and command line):
LogInit:  - bVerifyPeer = false  - Libcurl will NOT verify peer certificate
LogInit:  - bUseHttpProxy = false  - Libcurl will NOT use HTTP proxy
LogInit:  - bDontReuseConnections = false  - Libcurl will reuse connections
LogInit:  - CertBundlePath = nullptr  - Libcurl will use whatever was configured at build time.
LogInit: Build: ++UE4+Release-4.15-CL-3416026
LogInit: Engine Version: 4.15.2-3416026+++UE4+Release-4.15
LogInit: Compatible Engine Version: 4.15.0-3299760+++UE4+Release-4.15
LogInit: Net CL: 3299760
LogDevObjectVersion: Number of dev versions registered: 14
LogDevObjectVersion:   Dev-Blueprints (B0D832E4-1F89-4F0D-ACCF-7EB736FD4AA2): 8
LogDevObjectVersion:   Dev-Build (E1C64328-A22C-4D53-A36C-8E866417BD8C): 0
LogDevObjectVersion:   Dev-Core (375EC13C-06E4-48FB-B500-84F0262A717E): 2
LogDevObjectVersion:   Dev-Editor (E4B068ED-F494-42E9-A231-DA0B2E46BB41): 14
LogDevObjectVersion:   Dev-Framework (CFFC743F-43B0-4480-9391-14DF171D2073): 22
LogDevObjectVersion:   Dev-Mobile (B02B49B5-BB20-44E9-A304-32B752E40360): 0
LogDevObjectVersion:   Dev-Networking (A4E4105C-59A1-49B5-A7C5-40C4547EDFEE): 0
LogDevObjectVersion:   Dev-Online (39C831C9-5AE6-47DC-9A44-9C173E1C8E7C): 0
LogDevObjectVersion:   Dev-Physics (78F01B33-EBEA-4F98-B9B4-84EACCB95AA2): 0
LogDevObjectVersion:   Dev-Platform (6631380F-2D4D-43E0-8009-CF276956A95A): 0
LogDevObjectVersion:   Dev-Rendering (12F88B9F-8875-4AFC-A67C-D90C383ABD29): 12
LogDevObjectVersion:   Dev-Sequencer (7B5AE74C-D270-4C10-A958-57980B212A5A): 3
LogDevObjectVersion:   Dev-VR (D7296918-1DD6-4BDD-9DE2-64A83CC13884): 0
LogDevObjectVersion:   Dev-LoadTimes (C2A15278-BFE7-4AFE-6C17-90FF531DF755): 1
LogInit: Compiled (64-bit): May  1 2017 13:11:28
LogInit: Compiled with Visual C++: 19.00.23026.00
LogInit: Build Configuration: Development
LogInit: Branch Name: ++UE4+Release-4.15
LogInit: Command line:  
LogInit: Base directory: M:/Programs/UE_4.15/Engine/Binaries/Win64/
LogInit: Installed Engine Build: 1
LogInit: Presizing for max 8388607 objects, including 0 objects not considered by GC, pre-allocating 0 bytes for permanent pool.
LogInit: Object subsystem initialized
[2017.08.12-22.28.25:384][  0]LogInit: Selected Device Profile: [Windows]
[2017.08.12-22.28.25:384][  0]LogInit: Applying CVar settings loaded from the selected device profile: [Windows]
[2017.08.12-22.28.25:535][  0]LogConfig:Warning: Failed to saved backup for config[DeviceProfiles]
[2017.08.12-22.28.25:783][  0]LogInit: Computer: MAX
[2017.08.12-22.28.25:783][  0]LogInit: User: Maxim
[2017.08.12-22.28.25:783][  0]LogInit: CPU Page size=65536, Cores=4
[2017.08.12-22.28.25:783][  0]LogInit: High frequency timer resolution =3.906247 MHz
[2017.08.12-22.28.25:926][  0]LogMemory: Memory total: Physical=16.0GB (16GB approx)
[2017.08.12-22.28.25:926][  0]LogMemory: Platform Memory Stats for Windows
[2017.08.12-22.28.25:926][  0]LogMemory: Process Physical Memory: 265.42 MB used, 265.42 MB peak
[2017.08.12-22.28.25:926][  0]LogMemory: Process Virtual Memory: 265.46 MB used, 265.46 MB peak
[2017.08.12-22.28.25:926][  0]LogMemory: Physical Memory: 14911.99 MB used,  1423.61 MB free, 16335.60 MB total
[2017.08.12-22.28.25:926][  0]LogMemory: Virtual Memory: 648.00 MB used,  1423.61 MB free, 134217728.00 MB total
[2017.08.12-22.28.28:898][  0]LogTextLocalizationManager: No translations for ('ru-RU') exist, falling back to 'en' for localization and internationalization data.
[2017.08.12-22.28.38:817][  0]LogD3D11RHI: D3D11 adapters:
[2017.08.12-22.28.38:900][  0]LogD3D11RHI:    0. 'NVIDIA GeForce GTX 970' (Feature Level 11_0)
[2017.08.12-22.28.38:900][  0]LogD3D11RHI:       4059/0/8167 MB DedicatedVideo/DedicatedSystem/SharedSystem, Outputs:2, VendorId:0x10de
[2017.08.12-22.28.38:901][  0]LogD3D11RHI:    1. 'Microsoft Basic Render Driver' (Feature Level 11_0)
[2017.08.12-22.28.38:901][  0]LogD3D11RHI:       0/0/8167 MB DedicatedVideo/DedicatedSystem/SharedSystem, Outputs:0, VendorId:0x1414
[2017.08.12-22.28.38:901][  0]LogD3D11RHI: Chosen D3D11 Adapter: 0
[2017.08.12-22.28.38:956][  0]LogD3D11RHI: Creating new Direct3DDevice
[2017.08.12-22.28.38:956][  0]LogD3D11RHI:     GPU DeviceId: 0x13c2 (for the marketing name, search the web for "GPU Device Id")
[2017.08.12-22.28.38:956][  0]LogWindows: EnumDisplayDevices:
[2017.08.12-22.28.38:956][  0]LogWindows:    0. 'NVIDIA GeForce GTX 970' (P:1 D:1)
[2017.08.12-22.28.38:956][  0]LogWindows:    1. 'NVIDIA GeForce GTX 970' (P:0 D:1)
[2017.08.12-22.28.38:956][  0]LogWindows:    2. 'NVIDIA GeForce GTX 970' (P:0 D:0)
[2017.08.12-22.28.38:956][  0]LogWindows:    3. 'NVIDIA GeForce GTX 970' (P:0 D:0)
[2017.08.12-22.28.38:956][  0]LogWindows: DebugString: FoundDriverCount:4 
[2017.08.12-22.28.38:956][  0]LogD3D11RHI:     Adapter Name: NVIDIA GeForce GTX 970
[2017.08.12-22.28.38:957][  0]LogD3D11RHI:   Driver Version: 382.05 (internal:22.21.13.8205, unified:382.05)
[2017.08.12-22.28.38:957][  0]LogD3D11RHI:      Driver Date: 5-1-2017
[2017.08.12-22.28.38:957][  0]LogRHI: Texture pool is 1361 MB (70% of 1945 MB)
[2017.08.12-22.28.39:016][  0]LogD3D11RHI: [Aftermath] Aftermath enabled and primed
[2017.08.12-22.28.39:017][  0]LogD3D11RHI: Async texture creation enabled
[2017.08.12-22.28.40:318][  0]LogD3D11RHI: GPU Timing Frequency: 1000.000000 (Debug: 2 1)
[2017.08.12-22.28.41:026][  0]LogShaderCompilers: Guid format shader working directory is -17 characters bigger than the processId version (../../../../../Projects/MEGA/Game/GameContent/ProjectRise 4.15/Intermediate/Shaders/WorkingDirectory/12464/).
[2017.08.12-22.28.41:026][  0]LogShaderCompilers: Cleaned the shader compiler working directory 'C:/Users/Maxim/AppData/Local/Temp/UnrealShaderWorkingDir/A5F49E6C48D639CB5B05F0BD6D0839A5/'.
[2017.08.12-22.28.41:034][  0]LogShaderCompilers:Display: Using Local Shader Compiler.
[2017.08.12-22.28.57:223][  0]LogTemp:Display: Loaded TP AllDesktopTargetPlatform
[2017.08.12-22.28.57:317][  0]LogTemp:Display: Loaded TP MacClientTargetPlatform
[2017.08.12-22.28.57:395][  0]LogTemp:Display: Loaded TP MacNoEditorTargetPlatform
[2017.08.12-22.28.57:466][  0]LogTemp:Display: Loaded TP MacServerTargetPlatform
[2017.08.12-22.28.57:579][  0]LogTemp:Display: Loaded TP MacTargetPlatform
[2017.08.12-22.28.57:644][  0]LogTemp:Display: Loaded TP WindowsClientTargetPlatform
[2017.08.12-22.28.57:715][  0]LogTemp:Display: Loaded TP WindowsNoEditorTargetPlatform
[2017.08.12-22.28.57:787][  0]LogTemp:Display: Loaded TP WindowsServerTargetPlatform
[2017.08.12-22.28.57:845][  0]LogTemp:Display: Loaded TP WindowsTargetPlatform
[2017.08.12-22.28.57:941][  0]LogTemp:Display: Loaded TP AndroidTargetPlatform
[2017.08.12-22.28.58:016][  0]LogTemp:Display: Loaded TP Android_ASTCTargetPlatform
[2017.08.12-22.28.58:091][  0]LogTemp:Display: Loaded TP Android_ATCTargetPlatform
[2017.08.12-22.28.58:177][  0]LogTemp:Display: Loaded TP Android_DXTTargetPlatform
[2017.08.12-22.28.58:243][  0]LogTemp:Display: Loaded TP Android_ETC1TargetPlatform
[2017.08.12-22.28.58:306][  0]LogTemp:Display: Loaded TP Android_ETC2TargetPlatform
[2017.08.12-22.28.58:834][  0]LogTemp:Display: Loaded TP Android_MultiTargetPlatform
[2017.08.12-22.28.58:834][  0]LogTemp:Display: Loaded TP Android_PVRTCTargetPlatform
[2017.08.12-22.28.59:007][  0]LogTemp:Display: Loaded TP HTML5TargetPlatform
[2017.08.12-22.28.59:416][  0]LogTemp:Display: Loaded TP IOSTargetPlatform
[2017.08.12-22.28.59:454][  0]LogTemp:Display: Loaded TP TVOSTargetPlatform
[2017.08.12-22.28.59:526][  0]LogTemp:Display: Loaded TP LinuxClientTargetPlatform
[2017.08.12-22.28.59:594][  0]LogTemp:Display: Loaded TP LinuxNoEditorTargetPlatform
[2017.08.12-22.28.59:667][  0]LogTemp:Display: Loaded TP LinuxServerTargetPlatform
[2017.08.12-22.28.59:911][  0]LogTemp:Display: Loaded TP LinuxTargetPlatform
[2017.08.12-22.28.59:939][  0]LogTargetPlatformManager:Display: Building Assets For Windows
[2017.08.12-22.29.02:270][  0]LogDerivedDataCache:Display: Max Cache Size: 512 MB
[2017.08.12-22.29.02:459][  0]LogDerivedDataCache: Loaded boot cache 0.19s 50MB C:/Users/Maxim/AppData/Local/UnrealEngine/4.15/DerivedDataCache/Boot.ddc.
[2017.08.12-22.29.02:459][  0]LogDerivedDataCache:Display: Loaded Boot cache: C:/Users/Maxim/AppData/Local/UnrealEngine/4.15/DerivedDataCache/Boot.ddc
[2017.08.12-22.29.02:459][  0]LogDerivedDataCache: FDerivedDataBackendGraph:  Pak pak cache file ../../../../../Projects/MEGA/Game/GameContent/ProjectRise 4.15/DerivedDataCache/DDC.ddp not found, will not use a pak cache.
[2017.08.12-22.29.02:459][  0]LogDerivedDataCache: Unable to find inner node Pak for hierarchical cache Hierarchy.
[2017.08.12-22.29.02:459][  0]LogDerivedDataCache: FDerivedDataBackendGraph:  CompressedPak pak cache file ../../../../../Projects/MEGA/Game/GameContent/ProjectRise 4.15/DerivedDataCache/Compressed.ddp not found, will not use a pak cache.
[2017.08.12-22.29.02:459][  0]LogDerivedDataCache: Unable to find inner node CompressedPak for hierarchical cache Hierarchy.
[2017.08.12-22.29.02:741][  0]LogDerivedDataCache:Display: Pak cache opened for reading ../../../Engine/DerivedDataCache/Compressed.ddp.
[2017.08.12-22.29.02:753][  0]LogDerivedDataCache: Using Local data cache path C:/Users/Maxim/AppData/Local/UnrealEngine/Common/DerivedDataCache: Writable
[2017.08.12-22.29.03:698][  0]LogSlate: Using Freetype 2.6.0
[2017.08.12-22.29.04:096][  0]LogSlate: SlateFontCache - WITH_FREETYPE: 1, WITH_HARFBUZZ: 1
[2017.08.12-22.29.04:096][  0]LogSlate: SlateFontCache - WITH_FREETYPE: 1, WITH_HARFBUZZ: 1
[2017.08.12-22.29.46:360][  0]LogInit: Selected Device Profile: [Windows]
[2017.08.12-22.29.46:600][  0]LogContentStreaming: Texture pool size is 0.00 MB
[2017.08.12-22.29.52:473][  0]LogMeshUtilities: Using QuadricMeshReduction for automatic static mesh reduction
[2017.08.12-22.29.52:553][  0]LogSimplygon: Simplygon DLL not present - disabling.
[2017.08.12-22.29.52:629][  0]LogMeshUtilities: Using SimplygonSwarm for distributed automatic mesh merging
[2017.08.12-22.29.52:629][  0]LogMeshUtilities: No automatic skeletal mesh reduction module available
[2017.08.12-22.29.52:629][  0]LogMeshUtilities: No automatic mesh merging module available
[2017.08.12-22.29.59:101][  0]LogConfig:Warning: Failed to saved backup for config[GameplayTags]
[2017.08.12-22.30.13:967][  0]LogNetVersion: GetLocalNetworkVersion: CL: 3299760, ProjectName: projectrise, ProjectVersion: , EngineNetworkVersion: 2, GameNetworkVersion: 0, NetworkChecksum: 1405337400
[2017.08.12-22.30.14:471][  0]LogAssetRegistry: FAssetRegistry took 0.0236 seconds to start up
[2017.08.12-22.30.14:735][  0]LogAssetRegistry:Error: Failed to open file for write ../../../../../Projects/MEGA/Game/GameContent/ProjectRise 4.15/Intermediate/AssetRegistryCache/2657c409.bin
[2017.08.12-22.30.15:007][  0]LogAssetRegistry:Error: Failed to open file for write ../../../../../Projects/MEGA/Game/GameContent/ProjectRise 4.15/Intermediate/AssetRegistryCache/8c0e1344.bin
[2017.08.12-22.30.15:009][  0]LogPackageLocalizationCache: Processed 3 localized package path(s) for 1 prioritized culture(s) in 0.331336 seconds
[2017.08.12-22.30.15:103][  0]LogUObjectArray: 32493 objects as part of root set at end of initial load.
[2017.08.12-22.30.15:104][  0]LogUObjectAllocator: 7077024 out of 0 bytes used by permanent object pool.
[2017.08.12-22.30.15:104][  0]LogUObjectArray: CloseDisregardForGC: 0/0 objects in disregard for GC pool
[2017.08.12-22.30.15:292][  0]LogInit: WinSock: version 1.1 (2.2), MaxSocks=32767, MaxUdp=65467
[2017.08.12-22.31.25:748][  0]LogSubstanceCoreModule: Substance [CPU] Engine Loaded, Max Texture Size = 2048
[2017.08.12-22.31.26:049][  0]LogTcpMessaging: Initializing TcpMessaging bridge
[2017.08.12-22.31.26:280][  0]LogUdpMessaging: Initializing bridge on interface 0.0.0.0:0 to multicast group 230.0.0.1:6666.
[2017.08.12-22.31.31:260][  0]LogMaterial: Uniform references updated for custom material expression Custom.
[2017.08.12-22.31.35:328][  0]LogAssetRegistry:Error: Failed to open file for write ../../../../../Projects/MEGA/Game/GameContent/ProjectRise 4.15/Intermediate/CachedAssetRegistry.bin
[2017.08.12-22.31.35:328][  0]SourceControl: Info Source control is disabled
[2017.08.12-22.31.35:353][  0]SourceControl: Info Source control is disabled
[2017.08.12-22.31.35:703][  0]SourceControl: Info Source control is disabled
[2017.08.12-22.31.35:889][  0]SourceControl: Info Source control is disabled
[2017.08.12-22.31.42:486][  0]LogEngine: Initializing Engine...
[2017.08.12-22.31.42:719][  0]LogHMD: Failed to initialize OpenVR with code 101
[2017.08.12-22.31.44:049][  0]LogStats: UGameplayTagsManager::ConstructGameplayTagTree: Construct from data asset -  0.000 s
[2017.08.12-22.31.44:051][  0]LogStats: UGameplayTagsManager::ConstructGameplayTagTree: GameplayTagTreeChangedEvent.Broadcast -  0.000 s
[2017.08.12-22.31.46:397][  0]LogAIModule: Creating AISystem for world Untitled
[2017.08.12-22.31.48:021][  0]LogInit: XAudio2 using 'Speakers (Wireless Stereo Headset)' : 2 channels at 48 kHz using 16 bits per sample (channel mask 0x3)
[2017.08.12-22.31.48:043][  0]LogInit: FAudioDevice initialized.
[2017.08.12-22.31.48:066][  0]LogDerivedDataCache: Saved boot cache 0.02s 50MB C:/Users/Maxim/AppData/Local/UnrealEngine/4.15/DerivedDataCache/Boot.ddc.
[2017.08.12-22.31.48:085][  0]LogInit: Texture streaming: Enabled
[2017.08.12-22.31.48:568][  0]LogEngineSessionManager: EngineSessionManager initialized
[2017.08.12-22.31.49:537][  0]LogInit: Transaction tracking system initialized
[2017.08.12-22.31.51:102][  0]BlueprintLog: New page: Editor Load
[2017.08.12-22.31.55:311][  0]LocalizationService: Info Localization service is disabled
[2017.08.12-22.31.58:731][  0]LogConsoleResponse:Display: 
[2017.08.12-22.32.03:305][  0]LogCook:Display: Max memory allowance for cook 16384mb min free memory 0mb
[2017.08.12-22.32.03:306][  0]LogCook:Display: Mobile HDR setting 1
[2017.08.12-22.32.04:418][  0]LogFileCache: Scanning file cache for directory 'M:/Projects/MEGA/Game/GameContent/ProjectRise 4.15/Content/' took 1.09s
[2017.08.12-22.32.11:006][  0]SourceControl: Info Source control is disabled
[2017.08.12-22.32.12:309][  0]Cmd: MAP LOAD FILE="../../../../../Projects/MEGA/Game/GameContent/ProjectRise 4.15/Content/Levels/TestLevel/Test1.umap" TEMPLATE=0 SHOWPROGRESS=1 FEATURELEVEL=3
[2017.08.12-22.32.12:534][  0]LightingResults: New page: Lighting Build
[2017.08.12-22.32.13:172][  0]MapCheck: New page: Map Check
[2017.08.12-22.32.13:172][  0]LightingResults: New page: Lighting Build
[2017.08.12-22.32.25:253][  0]LogMaterial: Missing cached shader map for material Basement_Door01Mat01, compiling. 
[2017.08.12-22.32.25:253][  0]LogMaterial:Warning: Failed to compile Material /Game/Environment/Basement/Basement_Door/Basement_Door01Mat01/Basement_Door01Mat01.Basement_Door01Mat01 for platform PCD3D_SM5, Default Material will be used in game.
[2017.08.12-22.32.25:253][  0]LogMaterial:Warning: 	(Node TextureSample) TextureSample> Sampler type is Color, should be Linear Color for /Game/Environment/Basement/Basement_Wall/Basement_Wall01Mat01/01/Basement_Wall01_Wall_OcclusionRoughnessMetallic.Basement_Wall01_Wall_OcclusionRoughnessMetallic
[2017.08.12-22.32.25:253][  0]LogMaterial:Warning: 	(Node TextureSample) TextureSample> Sampler type is Color, should be Linear Color for /Game/Environment/Basement/Basement_Wall/Basement_Wall01Mat01/02/Basement_Wall01_Wall_OcclusionRoughnessMetallic.Basement_Wall01_Wall_OcclusionRoughnessMetallic
[2017.08.12-22.32.25:317][  0]LogAIModule: Creating AISystem for world Test1
[2017.08.12-22.32.27:109][  0]LogEditorServer: Finished looking for orphan Actors (0.000 secs)
[2017.08.12-22.32.27:456][  0]MapCheck: Info Repaired painted vertex colors in 0.0s for 150 components in /Game/Levels/TestLevel/Test1.  Resave map to fix. 
[2017.08.12-22.32.27:456][  0]MapCheck:Warning: Warning Spent 0.0s repairing painted vertex colors due to static mesh re-imports!  This will happen every load until the maps are resaved. 
[2017.08.12-22.32.27:572][  0]Cmd: MAP CHECKDEP NOCLEARLOG
[2017.08.12-22.32.27:719][  0]MapCheck: Info Map check complete: 0 Error(s), 1 Warning(s), took 146.76ms to complete.
[2017.08.12-22.32.28:445][  0]LogFileHelpers: Loading map 'Test1' took 16.495
[2017.08.12-22.32.34:600][  0]LogCollectionManager: Loaded 1 collections in 0.017257 seconds
[2017.08.12-22.32.39:108][  0]LogFileCache: Scanning file cache for directory 'M:/Projects/MEGA/Game/GameContent/ProjectRise 4.15/Saved/Collections/' took 0.01s
[2017.08.12-22.32.39:108][  0]LogFileCache: Scanning file cache for directory 'M:/Projects/MEGA/Game/GameContent/ProjectRise 4.15/Content/Developers/Maxim/Collections/' took 0.01s
[2017.08.12-22.32.39:108][  0]LogFileCache: Scanning file cache for directory 'M:/Projects/MEGA/Game/GameContent/ProjectRise 4.15/Content/Collections/' took 0.01s
[2017.08.12-22.32.39:108][  0]LogCollectionManager: Rebuilt the GUID cache for 1 collections in 0.000009 seconds
[2017.08.12-22.32.39:108][  0]LogCollectionManager: Rebuilt the hierarchy cache for 1 collections in 0.000000 seconds
[2017.08.12-22.32.39:140][  0]LogContentBrowser: Native class hierarchy populated in 0.0286 seconds. Added 2259 classes and 459 folders.
[2017.08.12-22.32.39:473][  0]LogContentBrowser: Native class hierarchy updated for 'WidgetCarousel' in 0.0004 seconds. Added 0 classes and 0 folders.
[2017.08.12-22.32.45:019][  0]LogContentBrowser: Native class hierarchy updated for 'AddContentDialog' in 0.0004 seconds. Added 0 classes and 0 folders.
[2017.08.12-22.32.45:285][  0]LogContentBrowser: Native class hierarchy updated for 'SceneOutliner' in 0.0004 seconds. Added 1 classes and 2 folders.
[2017.08.12-22.32.48:401][  0]LogContentBrowser: Native class hierarchy updated for 'WorldBrowser' in 0.0004 seconds. Added 1 classes and 3 folders.
[2017.08.12-22.32.48:530][  0]LogCrashTracker: Crashtracker disabled due to settings.
[2017.08.12-22.32.49:206][  0]LogUObjectGlobals:Warning: Failed to find object 'Class None.'
[2017.08.12-22.32.49:481][  0]LogContentBrowser: Native class hierarchy updated for 'HierarchicalLODOutliner' in 0.0005 seconds. Added 1 classes and 2 folders.
[2017.08.12-22.32.49:482][  0]LogLoad: (Engine Initialization) Total time: 305.91 seconds
[2017.08.12-22.32.49:482][  0]LogLoad: (Engine Initialization) Total Blueprint compile time: 4.44 seconds
[2017.08.12-22.32.49:482][  0]LogExternalProfiler: No external profilers were discovered.  External profiling features will not be available.
[2017.08.12-22.32.50:277][  0]LogOcInput: OculusInput pre-init called
[2017.08.12-22.32.51:383][  0]LogContentStreaming: Texture pool size now 1000 MB
[2017.08.12-22.32.51:749][  0]LogSlate: Took 0.051603 seconds to synchronously load lazily loaded font '../../../Engine/Content/Slate/Fonts/Roboto-Bold.ttf' (160K)
[2017.08.12-22.32.51:828][  0]LogSlate: Took 0.038599 seconds to synchronously load lazily loaded font '../../../Engine/Content/Slate/Fonts/Roboto-Regular.ttf' (155K)
[2017.08.12-22.32.52:132][  0]LogSlate: Took 0.107236 seconds to synchronously load lazily loaded font '../../../Engine/Content/Editor/Slate/Fonts/FontAwesome.ttf' (139K)
[2017.08.12-22.32.55:448][  0]LogRenderer: Reallocating scene render targets to support 1040x540 NumSamples 1 (Frame:2).
[2017.08.12-22.32.57:388][  2]LogSlate: Took 0.093626 seconds to synchronously load lazily loaded font '../../../Engine/Content/Slate/Fonts/Roboto-Light.ttf' (159K)
[2017.08.12-22.32.57:942][  4]LogAssetRegistry: Asset discovery search completed in 163.4932 seconds
[2017.08.12-22.32.58:034][  4]LogCollectionManager: Rebuilt the object cache for 1 collections in 0.091959 seconds (found 0 objects)
[2017.08.12-22.32.58:034][  4]LogCollectionManager: Fixed up redirectors for 1 collections in 0.091994 seconds (updated 0 objects)
[2017.08.12-22.32.59:308][  7]LogSlate: Took 0.000299 seconds to synchronously load lazily loaded font '../../../Engine/Content/Slate/Fonts/Roboto-Light.ttf' (159K)
[2017.08.12-22.33.02:910][ 17]LogWindowsTextInputMethodSystem:Display: IME system now deactivated.
[2017.08.12-22.33.04:819][ 18]Cmd: QUIT_EDITOR
[2017.08.12-22.33.05:753][ 18]LogExit: Preparing to exit.
[2017.08.12-22.33.08:313][ 18]LogDirectoryWatcher: A directory notification for 'M:/Projects/MEGA/Game/GameContent/ProjectRise 4.15/Content/' was aborted.
[2017.08.12-22.33.09:175][ 18]LogExit: Editor shut down
[2017.08.12-22.33.09:176][ 18]LogExit: Transaction tracking system shut down
[2017.08.12-22.33.12:928][ 18]LogObj: Freed 0b from 0 cluster array pools.
[2017.08.12-22.33.12:928][ 18]LogExit: Object subsystem successfully closed.
[2017.08.12-22.33.13:634][ 18]LogD3D11RHI: Shutdown
[2017.08.12-22.33.13:634][ 18]LogD3D11RHI: CleanupD3DDevice
[2017.08.12-22.33.13:821][ 18]LogD3D11RHI: ~FD3D11DynamicRHI
[2017.08.12-22.33.15:769][ 18]LogModuleManager: Shutting down and abandoning module HierarchicalLODOutliner (504)
[2017.08.12-22.33.15:778][ 18]LogModuleManager: Shutting down and abandoning module CrashTracker (502)
[2017.08.12-22.33.15:778][ 18]LogModuleManager: Shutting down and abandoning module WorldBrowser (500)
[2017.08.12-22.33.15:812][ 18]LogModuleManager: Shutting down and abandoning module SceneOutliner (498)
[2017.08.12-22.33.15:841][ 18]LogModuleManager: Shutting down and abandoning module AddContentDialog (496)
[2017.08.12-22.33.15:907][ 18]LogDirectoryWatcher: A directory notification for 'M:/Programs/UE_4.15/FeaturePacks/' was aborted.
[2017.08.12-22.33.15:925][ 18]LogModuleManager: Shutting down and abandoning module WidgetCarousel (495)
[2017.08.12-22.33.15:925][ 18]LogModuleManager: Shutting down and abandoning module EditorWidgets (492)
[2017.08.12-22.33.15:925][ 18]LogModuleManager: Shutting down and abandoning module CollectionManager (490)
[2017.08.12-22.33.15:949][ 18]LogDirectoryWatcher: A directory notification for 'M:/Projects/MEGA/Game/GameContent/ProjectRise 4.15/Content/Collections/' was aborted.
[2017.08.12-22.33.15:949][ 18]LogDirectoryWatcher: A directory notification for 'M:/Projects/MEGA/Game/GameContent/ProjectRise 4.15/Content/Developers/Maxim/Collections/' was aborted.
[2017.08.12-22.33.15:949][ 18]LogDirectoryWatcher: A directory notification for 'M:/Projects/MEGA/Game/GameContent/ProjectRise 4.15/Saved/Collections/' was aborted.
[2017.08.12-22.33.15:949][ 18]LogModuleManager: Shutting down and abandoning module StatsViewer (488)
[2017.08.12-22.33.15:987][ 18]LogModuleManager: Shutting down and abandoning module FoliageEdit (486)
[2017.08.12-22.33.16:013][ 18]LogModuleManager: Shutting down and abandoning module LandscapeEditor (484)
[2017.08.12-22.33.16:030][ 18]LogModuleManager: Shutting down and abandoning module SceneDepthPickerMode (482)
[2017.08.12-22.33.16:030][ 18]LogModuleManager: Shutting down and abandoning module ActorPickerMode (480)
[2017.08.12-22.33.16:030][ 18]LogModuleManager: Shutting down and abandoning module GeometryMode (478)
[2017.08.12-22.33.16:030][ 18]LogModuleManager: Shutting down and abandoning module TextureAlignMode (476)
[2017.08.12-22.33.16:030][ 18]LogModuleManager: Shutting down and abandoning module BspMode (474)
[2017.08.12-22.33.16:050][ 18]LogModuleManager: Shutting down and abandoning module HardwareSurvey (472)
[2017.08.12-22.33.16:068][ 18]LogModuleManager: Shutting down and abandoning module SequenceRecorderSections (470)
[2017.08.12-22.33.16:074][ 18]LogModuleManager: Shutting down and abandoning module AutomationWorker (468)
[2017.08.12-22.33.16:095][ 18]LogModuleManager: Shutting down and abandoning module MatineeToLevelSequence (466)
[2017.08.12-22.33.16:113][ 18]LogModuleManager: Shutting down and abandoning module LevelSequenceEditor (464)
[2017.08.12-22.33.16:262][ 18]LogModuleManager: Shutting down and abandoning module PlacementMode (463)
[2017.08.12-22.33.16:262][ 18]LogModuleManager: Shutting down and abandoning module WmfMediaFactory (460)
[2017.08.12-22.33.16:262][ 18]LogModuleManager: Shutting down and abandoning module WmfMediaEditor (458)
[2017.08.12-22.33.16:262][ 18]LogModuleManager: Shutting down and abandoning module MfMediaFactory (456)
[2017.08.12-22.33.16:262][ 18]LogModuleManager: Shutting down and abandoning module MfMediaEditor (454)
[2017.08.12-22.33.16:262][ 18]LogModuleManager: Shutting down and abandoning module AvfMediaFactory (452)
[2017.08.12-22.33.16:262][ 18]LogModuleManager: Shutting down and abandoning module AvfMediaEditor (450)
[2017.08.12-22.33.16:262][ 18]LogModuleManager: Shutting down and abandoning module AndroidMediaFactory (448)
[2017.08.12-22.33.16:262][ 18]LogModuleManager: Shutting down and abandoning module Media (447)
[2017.08.12-22.33.16:262][ 18]LogModuleManager: Shutting down and abandoning module AndroidMediaEditor (444)
[2017.08.12-22.33.16:262][ 18]LogModuleManager: Shutting down and abandoning module CharacterAI (442)
[2017.08.12-22.33.16:262][ 18]LogModuleManager: Shutting down and abandoning module AudioCapture (440)
[2017.08.12-22.33.16:279][ 18]LogModuleManager: Shutting down and abandoning module SequenceRecorder (439)
[2017.08.12-22.33.16:329][ 18]LogModuleManager: Shutting down and abandoning module SmartSnapping (436)
[2017.08.12-22.33.16:329][ 18]LogModuleManager: Shutting down and abandoning module SessionServices (434)
[2017.08.12-22.33.16:329][ 18]LogModuleManager: Shutting down and abandoning module ViewportSnapping (432)
[2017.08.12-22.33.16:329][ 18]LogModuleManager: Shutting down and abandoning module ViewportInteraction (430)
[2017.08.12-22.33.16:329][ 18]LogModuleManager: Shutting down and abandoning module LogVisualizer (428)
[2017.08.12-22.33.16:364][ 18]LogModuleManager: Shutting down and abandoning module IntroTutorials (426)
[2017.08.12-22.33.16:385][ 18]LogModuleManager: Shutting down and abandoning module GameProjectGeneration (425)
[2017.08.12-22.33.16:409][ 18]LogModuleManager: Shutting down and abandoning module EditorLiveStreaming (422)
[2017.08.12-22.33.16:409][ 18]LogModuleManager: Shutting down and abandoning module IOSPlatformEditor (420)
[2017.08.12-22.33.16:409][ 18]LogModuleManager: Shutting down and abandoning module HTML5PlatformEditor (418)
[2017.08.12-22.33.16:409][ 18]LogModuleManager: Shutting down and abandoning module AndroidPlatformEditor (416)
[2017.08.12-22.33.16:426][ 18]LogModuleManager: Shutting down and abandoning module AndroidDeviceDetection (415)
[2017.08.12-22.33.16:495][ 18]LogModuleManager: Shutting down and abandoning module IOSRuntimeSettings (412)
[2017.08.12-22.33.16:495][ 18]LogModuleManager: Shutting down and abandoning module AndroidRuntimeSettings (410)
[2017.08.12-22.33.16:495][ 18]LogModuleManager: Shutting down and abandoning module InputBindingEditor (408)
[2017.08.12-22.33.16:532][ 18]LogModuleManager: Shutting down and abandoning module NiagaraEditor (406)
[2017.08.12-22.33.16:603][ 18]LogModuleManager: Shutting down and abandoning module MergeActors (404)
[2017.08.12-22.33.16:630][ 18]LogModuleManager: Shutting down and abandoning module SizeMap (402)
[2017.08.12-22.33.16:649][ 18]LogModuleManager: Shutting down and abandoning module TreeMap (400)
[2017.08.12-22.33.16:669][ 18]LogModuleManager: Shutting down and abandoning module ReferenceViewer (398)
[2017.08.12-22.33.16:669][ 18]LogModuleManager: Shutting down and abandoning module LocalizationDashboard (396)
[2017.08.12-22.33.16:716][ 18]LogModuleManager: Shutting down and abandoning module LocalizationService (395)
[2017.08.12-22.33.16:779][ 18]LogModuleManager: Shutting down and abandoning module HardwareTargeting (392)
[2017.08.12-22.33.16:801][ 18]LogModuleManager: Shutting down and abandoning module DeviceProfileEditor (390)
[2017.08.12-22.33.16:816][ 18]LogModuleManager: Shutting down and abandoning module UndoHistory (388)
[2017.08.12-22.33.16:842][ 18]LogModuleManager: Shutting down and abandoning module UserFeedback (386)
[2017.08.12-22.33.16:842][ 18]LogModuleManager: Shutting down and abandoning module XmlParser (384)
[2017.08.12-22.33.16:959][ 18]LogModuleManager: Shutting down and abandoning module Blutility (382)
[2017.08.12-22.33.16:980][ 18]LogModuleManager: Shutting down and abandoning module ProjectSettingsViewer (380)
[2017.08.12-22.33.16:980][ 18]LogModuleManager: Shutting down and abandoning module ProjectTargetPlatformEditor (379)
[2017.08.12-22.33.16:980][ 18]LogModuleManager: Shutting down and abandoning module EditorSettingsViewer (376)
[2017.08.12-22.33.16:980][ 18]LogModuleManager: Shutting down and abandoning module SettingsEditor (374)
[2017.08.12-22.33.17:120][ 18]LogModuleManager: Shutting down and abandoning module ProjectLauncher (372)
[2017.08.12-22.33.17:144][ 18]LogModuleManager: Shutting down and abandoning module SessionFrontend (370)
[2017.08.12-22.33.17:159][ 18]LogModuleManager: Shutting down and abandoning module ProfilerClient (368)
[2017.08.12-22.33.17:179][ 18]LogModuleManager: Shutting down and abandoning module DeviceManager (366)
[2017.08.12-22.33.17:209][ 18]LogModuleManager: Shutting down and abandoning module TargetDeviceServices (365)
[2017.08.12-22.33.17:268][ 18]LogModuleManager: Shutting down and abandoning module AutomationController (362)
[2017.08.12-22.33.17:302][ 18]LogModuleManager: Shutting down and abandoning module AutomationWindow (360)
[2017.08.12-22.33.17:315][ 18]LogModuleManager: Shutting down and abandoning module Layers (358)
[2017.08.12-22.33.17:361][ 18]LogModuleManager: Shutting down and abandoning module ComponentVisualizers (356)
[2017.08.12-22.33.17:361][ 18]LogModuleManager: Shutting down and abandoning module DetailCustomizations (354)
[2017.08.12-22.33.17:389][ 18]LogModuleManager: Shutting down and abandoning module PackagesDialog (352)
[2017.08.12-22.33.17:391][ 18]LogModuleManager: Shutting down and abandoning module Persona (350)
[2017.08.12-22.33.17:454][ 18]LogModuleManager: Shutting down and abandoning module AnimGraph (349)
[2017.08.12-22.33.17:454][ 18]LogModuleManager: Shutting down and abandoning module Kismet (346)
[2017.08.12-22.33.17:489][ 18]LogModuleManager: Shutting down and abandoning module GraphEditor (344)
[2017.08.12-22.33.17:594][ 18]LogModuleManager: Shutting down and abandoning module ClassViewer (342)
[2017.08.12-22.33.17:594][ 18]LogModuleManager: Shutting down and abandoning module Toolbox (340)
[2017.08.12-22.33.17:627][ 18]LogModuleManager: Shutting down and abandoning module ModuleUI (338)
[2017.08.12-22.33.17:646][ 18]LogModuleManager: Shutting down and abandoning module MovieSceneTools (336)
[2017.08.12-22.33.17:676][ 18]LogModuleManager: Shutting down and abandoning module OutputLog (334)
[2017.08.12-22.33.17:682][ 18]LogModuleManager: Shutting down and abandoning module GammaUI (332)
[2017.08.12-22.33.17:698][ 18]LogModuleManager: Shutting down and abandoning module Documentation (330)
[2017.08.12-22.33.17:698][ 18]LogModuleManager: Shutting down and abandoning module Niagara (328)
[2017.08.12-22.33.17:698][ 18]LogModuleManager: Shutting down and abandoning module StreamingPauseRendering (326)
[2017.08.12-22.33.17:698][ 18]LogModuleManager: Shutting down and abandoning module AnalyticsET (324)
[2017.08.12-22.33.17:698][ 18]LogModuleManager: Shutting down and abandoning module PortalServices (322)
[2017.08.12-22.33.17:698][ 18]LogModuleManager: Shutting down and abandoning module PortalRpc (320)
[2017.08.12-22.33.17:698][ 18]LogModuleManager: Shutting down and abandoning module MessagingRpc (318)
[2017.08.12-22.33.17:698][ 18]LogModuleManager: Shutting down and abandoning module AIModule (316)
[2017.08.12-22.33.17:698][ 18]LogModuleManager: Shutting down and abandoning module GameplayDebugger (315)
[2017.08.12-22.33.17:742][ 18]LogModuleManager: Shutting down and abandoning module AITestSuite (313)
[2017.08.12-22.33.17:742][ 18]LogModuleManager: Shutting down and abandoning module ProfilerService (310)
[2017.08.12-22.33.17:864][ 18]LogModuleManager: Shutting down and abandoning module TaskGraph (308)
[2017.08.12-22.33.17:926][ 18]LogModuleManager: Shutting down and abandoning module SubstanceEditor (306)
[2017.08.12-22.33.17:985][ 18]LogModuleManager: Shutting down and abandoning module SteamVRController (304)
[2017.08.12-22.33.17:985][ 18]LogModuleManager: Shutting down and abandoning module SteamVR (302)
[2017.08.12-22.33.17:985][ 18]LogModuleManager: Shutting down and abandoning module ProceduralMeshComponentEditor (300)
[2017.08.12-22.33.17:985][ 18]LogModuleManager: Shutting down and abandoning module ProceduralMeshComponent (298)
[2017.08.12-22.33.18:009][ 18]LogModuleManager: Shutting down and abandoning module OculusLibrary (296)
[2017.08.12-22.33.18:009][ 18]LogModuleManager: Shutting down and abandoning module OculusInput (294)
[2017.08.12-22.33.18:009][ 18]LogModuleManager: Shutting down and abandoning module MobilePatchingUtils (292)
[2017.08.12-22.33.18:009][ 18]LogModuleManager: Shutting down and abandoning module CustomMeshComponent (290)
[2017.08.12-22.33.18:009][ 18]LogModuleManager: Shutting down and abandoning module CableComponent (288)
[2017.08.12-22.33.18:009][ 18]LogModuleManager: Shutting down and abandoning module ArchVisCharacter (286)
[2017.08.12-22.33.18:009][ 18]LogModuleManager: Shutting down and abandoning module MediaPlayerEditor (282)
[2017.08.12-22.33.18:124][ 18]LogModuleManager: Shutting down and abandoning module HTML5Networking (280)
[2017.08.12-22.33.18:124][ 18]LogModuleManager: Shutting down and abandoning module AlembicImporter (278)
[2017.08.12-22.33.18:145][ 18]LogModuleManager: Shutting down and abandoning module AlembicLibrary (277)
[2017.08.12-22.33.18:145][ 18]LogModuleManager: Shutting down and abandoning module GeometryCache (276)
[2017.08.12-22.33.18:170][ 18]LogModuleManager: Shutting down and abandoning module GeometryCacheEd (275)
[2017.08.12-22.33.18:170][ 18]LogModuleManager: Shutting down and abandoning module SuperSearchEditor (270)
[2017.08.12-22.33.18:170][ 18]LogModuleManager: Shutting down and abandoning module SuperSearch (269)
[2017.08.12-22.33.18:170][ 18]LogModuleManager: Shutting down and abandoning module SpeedTreeImporter (266)
[2017.08.12-22.33.18:170][ 18]LogModuleManager: Shutting down and abandoning module PluginBrowser (264)
[2017.08.12-22.33.18:197][ 18]LogModuleManager: Shutting down and abandoning module MobileLauncherProfileWizard (262)
[2017.08.12-22.33.18:264][ 18]LogModuleManager: Shutting down and abandoning module EpicSurvey (260)
[2017.08.12-22.33.18:264][ 18]LogModuleManager: Shutting down and abandoning module VisualStudioSourceCodeAccess (258)
[2017.08.12-22.33.18:274][ 18]LogModuleManager: Shutting down and abandoning module DesktopPlatform (257)
[2017.08.12-22.33.18:274][ 18]LogModuleManager: Shutting down and abandoning module UObjectPlugin (254)
[2017.08.12-22.33.18:274][ 18]LogModuleManager: Shutting down and abandoning module SubversionSourceControl (252)
[2017.08.12-22.33.18:279][ 18]LogModuleManager: Shutting down and abandoning module PerforceSourceControl (250)
[2017.08.12-22.33.18:308][ 18]LogModuleManager: Shutting down and abandoning module GitSourceControl (248)
[2017.08.12-22.33.18:325][ 18]LogModuleManager: Shutting down and abandoning module SourceControl (247)
[2017.08.12-22.33.18:346][ 18]LogModuleManager: Shutting down and abandoning module LightPropagationVolumeEditor (244)
[2017.08.12-22.33.18:346][ 18]LogModuleManager: Shutting down and abandoning module PaperTiledImporter (242)
[2017.08.12-22.33.18:346][ 18]LogModuleManager: Shutting down and abandoning module PaperSpriteSheetImporter (240)
[2017.08.12-22.33.18:346][ 18]LogModuleManager: Shutting down and abandoning module Paper2DEditor (238)
[2017.08.12-22.33.18:372][ 18]LogModuleManager: Shutting down and abandoning module MeshPaint (237)
[2017.08.12-22.33.18:402][ 18]LogModuleManager: Shutting down and abandoning module LevelEditor (235)
[2017.08.12-22.33.18:483][ 18]LogModuleManager: Shutting down and abandoning module PixelInspectorModule (234)
[2017.08.12-22.33.18:588][ 18]LogModuleManager: Shutting down and abandoning module MainFrame (232)
[2017.08.12-22.33.18:588][ 18]LogModuleManager: Shutting down and abandoning module HotReload (231)
[2017.08.12-22.33.18:660][ 18]LogModuleManager: Shutting down and abandoning module ContentBrowser (227)
[2017.08.12-22.33.18:660][ 18]LogModuleManager: Shutting down and abandoning module PhysXVehiclesEditor (224)
[2017.08.12-22.33.18:686][ 18]LogModuleManager: Shutting down and abandoning module PhysXVehicles (222)
[2017.08.12-22.33.18:686][ 18]LogModuleManager: Shutting down and abandoning module LocationServicesBPLibrary (220)
[2017.08.12-22.33.18:686][ 18]LogModuleManager: Shutting down and abandoning module UdpMessaging (218)
[2017.08.12-22.33.18:786][ 18]LogModuleManager: Shutting down and abandoning module TcpMessaging (216)
[2017.08.12-22.33.18:909][ 18]LogModuleManager: Shutting down and abandoning module SubstanceCore (214)
[2017.08.12-22.33.18:981][ 18]LogModuleManager: Shutting down and abandoning module GameplayTagsEditor (212)
[2017.08.12-22.33.19:003][ 18]LogModuleManager: Shutting down and abandoning module FacialAnimationEditor (210)
[2017.08.12-22.33.19:056][ 18]LogModuleManager: Shutting down and abandoning module FacialAnimation (208)
[2017.08.12-22.33.19:056][ 18]LogModuleManager: Shutting down and abandoning module LightPropagationVolumeRuntime (206)
[2017.08.12-22.33.19:056][ 18]LogModuleManager: Shutting down and abandoning module Paper2D (204)
[2017.08.12-22.33.19:096][ 18]LogModuleManager: Shutting down and abandoning module WindowsMoviePlayer (202)
[2017.08.12-22.33.19:130][ 18]LogModuleManager: Shutting down and abandoning module WmfMedia (200)
[2017.08.12-22.33.19:219][ 18]LogModuleManager: Shutting down and abandoning module MfMedia (198)
[2017.08.12-22.33.19:219][ 18]LogModuleManager: Shutting down and abandoning module MediaAssets (196)
[2017.08.12-22.33.19:219][ 18]LogModuleManager: Shutting down and abandoning module GameLiveStreaming (194)
[2017.08.12-22.33.19:265][ 18]LogModuleManager: Shutting down and abandoning module VREditor (192)
[2017.08.12-22.33.19:265][ 18]LogModuleManager: Shutting down and abandoning module GameplayTasksEditor (190)
[2017.08.12-22.33.19:265][ 18]LogModuleManager: Shutting down and abandoning module BehaviorTreeEditor (188)
[2017.08.12-22.33.19:322][ 18]LogModuleManager: Shutting down and abandoning module FunctionalTesting (186)
[2017.08.12-22.33.19:361][ 18]LogModuleManager: Shutting down and abandoning module CollisionAnalyzer (184)
[2017.08.12-22.33.19:382][ 18]LogModuleManager: Shutting down and abandoning module UMG (182)
[2017.08.12-22.33.19:439][ 18]LogModuleManager: Shutting down and abandoning module UMGEditor (181)
[2017.08.12-22.33.19:490][ 18]LogModuleManager: Shutting down and abandoning module Sequencer (180)
[2017.08.12-22.33.19:519][ 18]LogModuleManager: Shutting down and abandoning module AssetTools (178)
[2017.08.12-22.33.19:635][ 18]LogModuleManager: Shutting down and abandoning module MessageLog (177)
[2017.08.12-22.33.19:635][ 18]LogModuleManager: Shutting down and abandoning module WorkspaceMenuStructure (176)
[2017.08.12-22.33.19:635][ 18]LogModuleManager: Shutting down and abandoning module SlateReflector (170)
[2017.08.12-22.33.19:747][ 18]LogModuleManager: Shutting down and abandoning module Slate (168)
[2017.08.12-22.33.19:747][ 18]LogModuleManager: Shutting down and abandoning module EditorStyle (166)
[2017.08.12-22.33.19:770][ 18]LogModuleManager: Shutting down and abandoning module SourceCodeAccess (164)
[2017.08.12-22.33.19:798][ 18]LogModuleManager: Shutting down and abandoning module HeadMountedDisplay (162)
[2017.08.12-22.33.19:798][ 18]LogModuleManager: Shutting down and abandoning module XAudio2 (160)
[2017.08.12-22.33.19:798][ 18]LogModuleManager: Shutting down and abandoning module Networking (158)
[2017.08.12-22.33.19:798][ 18]LogModuleManager: Shutting down and abandoning module Core (154)
[2017.08.12-22.33.19:798][ 18]LogModuleManager: Shutting down and abandoning module AssetRegistry (152)
[2017.08.12-22.33.19:954][ 18]LogDirectoryWatcher: A directory notification for '../../../Engine/Content/' was aborted.
[2017.08.12-22.33.19:954][ 18]LogDirectoryWatcher: A directory notification for '../../../../../Projects/MEGA/Game/GameContent/ProjectRise 4.15/Content/' was aborted.
[2017.08.12-22.33.19:954][ 18]LogDirectoryWatcher: A directory notification for '../../../Engine/Plugins/2D/Paper2D/Content/' was aborted.
[2017.08.12-22.33.19:984][ 18]LogModuleManager: Shutting down and abandoning module DirectoryWatcher (151)
[2017.08.12-22.33.19:984][ 18]LogModuleManager: Shutting down and abandoning module KismetCompiler (148)
[2017.08.12-22.33.19:984][ 18]LogModuleManager: Shutting down and abandoning module PhysXFormats (146)
[2017.08.12-22.33.19:984][ 18]LogModuleManager: Shutting down and abandoning module MeshUtilities (144)
[2017.08.12-22.33.20:083][ 18]LogModuleManager: Shutting down and abandoning module SimplygonSwarm (143)
[2017.08.12-22.33.20:116][ 18]LogModuleManager: Shutting down and abandoning module SimplygonMeshReduction (141)
[2017.08.12-22.33.20:116][ 18]LogModuleManager: Shutting down and abandoning module QuadricMeshReduction (139)
[2017.08.12-22.33.20:142][ 18]LogModuleManager: Shutting down and abandoning module PropertyEditor (137)
[2017.08.12-22.33.20:142][ 18]LogModuleManager: Shutting down and abandoning module DerivedDataCache (134)
[2017.08.12-22.33.20:201][ 18]LogDerivedDataCache: Shutdown
[2017.08.12-22.33.20:201][ 18]LogModuleManager: Shutting down and abandoning module TargetPlatform (132)
[2017.08.12-22.33.20:201][ 18]LogModuleManager: Shutting down and abandoning module VulkanShaderFormat (131)
[2017.08.12-22.33.20:243][ 18]LogModuleManager: Shutting down and abandoning module ShaderFormatOpenGL (129)
[2017.08.12-22.33.20:258][ 18]LogModuleManager: Shutting down and abandoning module ShaderFormatD3D (127)
[2017.08.12-22.33.20:324][ 18]LogModuleManager: Shutting down and abandoning module MetalShaderFormat (125)
[2017.08.12-22.33.20:357][ 18]LogModuleManager: Shutting down and abandoning module TextureFormatUncompressed (123)
[2017.08.12-22.33.20:357][ 18]LogModuleManager: Shutting down and abandoning module TextureFormatPVR (121)
[2017.08.12-22.33.20:357][ 18]LogModuleManager: Shutting down and abandoning module TextureFormatDXT (119)
[2017.08.12-22.33.20:383][ 18]LogModuleManager: Shutting down and abandoning module TextureFormatIntelISPCTexComp (117)
[2017.08.12-22.33.20:442][ 18]LogModuleManager: Shutting down and abandoning module TextureFormatASTC (115)
[2017.08.12-22.33.20:442][ 18]LogModuleManager: Shutting down and abandoning module ImageWrapper (114)
[2017.08.12-22.33.20:442][ 18]LogModuleManager: Shutting down and abandoning module TextureFormatAndroid (111)
[2017.08.12-22.33.20:442][ 18]LogModuleManager: Shutting down and abandoning module AudioFormatOpus (109)
[2017.08.12-22.33.20:487][ 18]LogModuleManager: Shutting down and abandoning module AudioFormatOgg (107)
[2017.08.12-22.33.20:487][ 18]LogModuleManager: Shutting down and abandoning module AudioFormatADPCM (105)
[2017.08.12-22.33.20:487][ 18]LogModuleManager: Shutting down and abandoning module LinuxTargetPlatform (103)
[2017.08.12-22.33.20:487][ 18]LogModuleManager: Shutting down and abandoning module LinuxServerTargetPlatform (101)
[2017.08.12-22.33.20:487][ 18]LogModuleManager: Shutting down and abandoning module LinuxNoEditorTargetPlatform (99)
[2017.08.12-22.33.20:487][ 18]LogModuleManager: Shutting down and abandoning module LinuxClientTargetPlatform (97)
[2017.08.12-22.33.20:487][ 18]LogModuleManager: Shutting down and abandoning module TVOSTargetPlatform (95)
[2017.08.12-22.33.20:487][ 18]LogModuleManager: Shutting down and abandoning module Messaging (93)
[2017.08.12-22.33.20:487][ 18]LogModuleManager: Shutting down and abandoning module IOSTargetPlatform (91)
[2017.08.12-22.33.20:487][ 18]LogModuleManager: Shutting down and abandoning module HTML5TargetPlatform (89)
[2017.08.12-22.33.20:487][ 18]LogModuleManager: Shutting down and abandoning module Android_PVRTCTargetPlatform (87)
[2017.08.12-22.33.20:487][ 18]LogModuleManager: Shutting down and abandoning module Android_MultiTargetPlatform (85)
[2017.08.12-22.33.20:487][ 18]LogModuleManager: Shutting down and abandoning module Android_ETC2TargetPlatform (83)
[2017.08.12-22.33.20:487][ 18]LogModuleManager: Shutting down and abandoning module Android_ETC1TargetPlatform (81)
[2017.08.12-22.33.20:487][ 18]LogModuleManager: Shutting down and abandoning module Android_DXTTargetPlatform (79)
[2017.08.12-22.33.20:487][ 18]LogModuleManager: Shutting down and abandoning module Android_ATCTargetPlatform (77)
[2017.08.12-22.33.20:487][ 18]LogModuleManager: Shutting down and abandoning module Android_ASTCTargetPlatform (75)
[2017.08.12-22.33.20:487][ 18]LogModuleManager: Shutting down and abandoning module AndroidTargetPlatform (73)
[2017.08.12-22.33.20:487][ 18]LogModuleManager: Shutting down and abandoning module WindowsTargetPlatform (71)
[2017.08.12-22.33.20:487][ 18]LogModuleManager: Shutting down and abandoning module WindowsServerTargetPlatform (69)
[2017.08.12-22.33.20:487][ 18]LogModuleManager: Shutting down and abandoning module WindowsNoEditorTargetPlatform (67)
[2017.08.12-22.33.20:487][ 18]LogModuleManager: Shutting down and abandoning module WindowsClientTargetPlatform (65)
[2017.08.12-22.33.20:487][ 18]LogModuleManager: Shutting down and abandoning module MacTargetPlatform (63)
[2017.08.12-22.33.20:487][ 18]LogModuleManager: Shutting down and abandoning module MacServerTargetPlatform (61)
[2017.08.12-22.33.20:487][ 18]LogModuleManager: Shutting down and abandoning module MacNoEditorTargetPlatform (59)
[2017.08.12-22.33.20:487][ 18]LogModuleManager: Shutting down and abandoning module MacClientTargetPlatform (57)
[2017.08.12-22.33.20:487][ 18]LogModuleManager: Shutting down and abandoning module AllDesktopTargetPlatform (55)
[2017.08.12-22.33.20:487][ 18]LogModuleManager: Shutting down and abandoning module InputCore (52)
[2017.08.12-22.33.20:487][ 18]LogModuleManager: Shutting down and abandoning module Settings (50)
[2017.08.12-22.33.20:487][ 18]LogModuleManager: Shutting down and abandoning module OculusRift (48)
[2017.08.12-22.33.20:522][ 18]LogModuleManager: Shutting down and abandoning module GearVR (46)
[2017.08.12-22.33.20:522][ 18]LogModuleManager: Shutting down and abandoning module ExampleDeviceProfileSelector (44)
[2017.08.12-22.33.20:522][ 18]LogModuleManager: Shutting down and abandoning module OnlineBlueprintSupport (42)
[2017.08.12-22.33.20:522][ 18]LogModuleManager: Shutting down and abandoning module OnlineSubsystem (38)
[2017.08.12-22.33.20:522][ 18]LogOnline:Display: Unloading online subsystem: NULL
[2017.08.12-22.33.20:606][ 18]LogModuleManager: Shutting down and abandoning module XMPP (37)
[2017.08.12-22.33.20:650][ 18]LogModuleManager: Shutting down and abandoning module HTTP (35)
[2017.08.12-22.33.20:715][ 18]LogHttp:Display: Http module shutting down, but needs to wait on 1 outstanding Http requests:
[2017.08.12-22.33.20:715][ 18]LogHttp:Display: 	verb=[POST] url=[https://datarouter.ol.epicgames.com/datarouter/api/v1/public/data?SessionID=%7BE42DC15F-4151-5621-1168-7F9542F60360%7D&AppID=UEEditor.Rocket.Release&AppVersion=4.15.2-3416026%2B%2B%2BUE4%2BRelease-4.15&UserID=59e28ce14621a72718e98299acfa655c%7C7eff1c9d23bd4ab5b3ad81abf2d1dd71%7Cce77b61a-7b81-474e-8d57-f8b747293482&AppEnvironment=datacollector-binary&UploadType=eteventstream] status=Processing
[2017.08.12-22.33.20:727][ 18]LogModuleManager: Shutting down and abandoning module SSL (34)
[2017.08.12-22.33.20:728][ 18]LogModuleManager: Shutting down and abandoning module AudioEditor (30)
[2017.08.12-22.33.20:754][ 18]LogModuleManager: Shutting down and abandoning module TextureCompressor (28)
[2017.08.12-22.33.20:798][ 18]LogModuleManager: Shutting down and abandoning module ShaderCore (26)
[2017.08.12-22.33.20:798][ 18]LogModuleManager: Shutting down and abandoning module Landscape (24)
[2017.08.12-22.33.20:798][ 18]LogModuleManager: Shutting down and abandoning module SlateRHIRenderer (22)
[2017.08.12-22.33.20:831][ 18]LogModuleManager: Shutting down and abandoning module OpenGLDrv (20)
[2017.08.12-22.33.20:887][ 18]LogModuleManager: Shutting down and abandoning module D3D11RHI (18)
[2017.08.12-22.33.20:887][ 18]LogModuleManager: Shutting down and abandoning module AnimGraphRuntime (16)
[2017.08.12-22.33.20:908][ 18]LogModuleManager: Shutting down and abandoning module Renderer (14)
[2017.08.12-22.33.20:908][ 18]LogModuleManager: Shutting down and abandoning module Engine (12)
[2017.08.12-22.33.20:908][ 18]LogModuleManager: Shutting down and abandoning module CoreUObject (10)
[2017.08.12-22.33.20:908][ 18]LogModuleManager: Shutting down and abandoning module NetworkFile (8)
[2017.08.12-22.33.20:935][ 18]LogModuleManager: Shutting down and abandoning module StreamingFile (6)
[2017.08.12-22.33.20:955][ 18]LogModuleManager: Shutting down and abandoning module SandboxFile (4)
[2017.08.12-22.33.20:955][ 18]LogModuleManager: Shutting down and abandoning module PakFile (2)
[2017.08.12-22.33.20:978][ 18]LogExit: Exiting.
[2017.08.12-22.33.20:979][ 18]Log file closed, 08/13/17 01:33:20
