Log file open, 08/20/17 18:05:58
LogInit:Display: Running engine for game: ProjectRise
LogPlatformFile: Not using cached read wrapper
LogInit:Display: RandInit(644994860) SRandInit(644994860).
LogTaskGraph: Started task graph with 5 named threads and 8 total threads with 1 sets of task threads.
LogStats: Stats thread started at 0.064785
LogInit: Using libcurl 7.47.1
LogInit:  - built for x86_64-pc-win32
LogInit:  - supports SSL with OpenSSL/1.0.2g
LogInit:  - supports HTTP deflate (compression) using libz 1.2.8
LogInit:  - other features:
LogInit:      CURL_VERSION_SSL
LogInit:      CURL_VERSION_LIBZ
LogInit:      CURL_VERSION_IPV6
LogInit:      CURL_VERSION_ASYNCHDNS
LogInit:      CURL_VERSION_LARGEFILE
LogInit:      CURL_VERSION_IDN
LogInit:  CurlRequestOptions (configurable via config and command line):
LogInit:  - bVerifyPeer = false  - Libcurl will NOT verify peer certificate
LogInit:  - bUseHttpProxy = false  - Libcurl will NOT use HTTP proxy
LogInit:  - bDontReuseConnections = false  - Libcurl will reuse connections
LogInit:  - CertBundlePath = nullptr  - Libcurl will use whatever was configured at build time.
LogInit: Build: ++UE4+Release-4.15-CL-3450819
LogInit: Engine Version: 4.15.3-3450819+++UE4+Release-4.15
LogInit: Compatible Engine Version: 4.15.0-3299760+++UE4+Release-4.15
LogInit: Net CL: 3299760
LogDevObjectVersion: Number of dev versions registered: 14
LogDevObjectVersion:   Dev-Blueprints (B0D832E4-1F89-4F0D-ACCF-7EB736FD4AA2): 8
LogDevObjectVersion:   Dev-Build (E1C64328-A22C-4D53-A36C-8E866417BD8C): 0
LogDevObjectVersion:   Dev-Core (375EC13C-06E4-48FB-B500-84F0262A717E): 2
LogDevObjectVersion:   Dev-Editor (E4B068ED-F494-42E9-A231-DA0B2E46BB41): 14
LogDevObjectVersion:   Dev-Framework (CFFC743F-43B0-4480-9391-14DF171D2073): 22
LogDevObjectVersion:   Dev-Mobile (B02B49B5-BB20-44E9-A304-32B752E40360): 0
LogDevObjectVersion:   Dev-Networking (A4E4105C-59A1-49B5-A7C5-40C4547EDFEE): 0
LogDevObjectVersion:   Dev-Online (39C831C9-5AE6-47DC-9A44-9C173E1C8E7C): 0
LogDevObjectVersion:   Dev-Physics (78F01B33-EBEA-4F98-B9B4-84EACCB95AA2): 0
LogDevObjectVersion:   Dev-Platform (6631380F-2D4D-43E0-8009-CF276956A95A): 0
LogDevObjectVersion:   Dev-Rendering (12F88B9F-8875-4AFC-A67C-D90C383ABD29): 12
LogDevObjectVersion:   Dev-Sequencer (7B5AE74C-D270-4C10-A958-57980B212A5A): 3
LogDevObjectVersion:   Dev-VR (D7296918-1DD6-4BDD-9DE2-64A83CC13884): 0
LogDevObjectVersion:   Dev-LoadTimes (C2A15278-BFE7-4AFE-6C17-90FF531DF755): 1
LogInit: Compiled (64-bit): May 21 2017 11:02:34
LogInit: Compiled with Visual C++: 19.00.23026.00
LogInit: Build Configuration: Development
LogInit: Branch Name: ++UE4+Release-4.15
LogInit: Command line:  
LogInit: Base directory: M:/Programs/UE_4.15/Engine/Binaries/Win64/
LogInit: Installed Engine Build: 1
LogInit: Presizing for max 8388607 objects, including 0 objects not considered by GC, pre-allocating 0 bytes for permanent pool.
LogInit: Object subsystem initialized
[2017.08.20-15.05.59:661][  0]LogInit: Selected Device Profile: [Windows]
[2017.08.20-15.05.59:661][  0]LogInit: Applying CVar settings loaded from the selected device profile: [Windows]
[2017.08.20-15.05.59:789][  0]LogInit: Computer: MAX
[2017.08.20-15.05.59:789][  0]LogInit: User: Maxim
[2017.08.20-15.05.59:789][  0]LogInit: CPU Page size=65536, Cores=4
[2017.08.20-15.05.59:789][  0]LogInit: High frequency timer resolution =3.906272 MHz
[2017.08.20-15.05.59:789][  0]LogMemory: Memory total: Physical=16.0GB (16GB approx)
[2017.08.20-15.05.59:789][  0]LogMemory: Platform Memory Stats for Windows
[2017.08.20-15.05.59:789][  0]LogMemory: Process Physical Memory: 264.93 MB used, 264.93 MB peak
[2017.08.20-15.05.59:789][  0]LogMemory: Process Virtual Memory: 262.41 MB used, 262.41 MB peak
[2017.08.20-15.05.59:789][  0]LogMemory: Physical Memory: 14847.26 MB used,  1488.34 MB free, 16335.60 MB total
[2017.08.20-15.05.59:789][  0]LogMemory: Virtual Memory: 644.95 MB used,  1488.34 MB free, 134217728.00 MB total
[2017.08.20-15.06.00:298][  0]LogTextLocalizationManager: No translations for ('ru-RU') exist, falling back to 'en' for localization and internationalization data.
[2017.08.20-15.06.03:522][  0]LogD3D11RHI: D3D11 adapters:
[2017.08.20-15.06.03:553][  0]LogD3D11RHI:    0. 'NVIDIA GeForce GTX 970' (Feature Level 11_0)
[2017.08.20-15.06.03:553][  0]LogD3D11RHI:       4059/0/8167 MB DedicatedVideo/DedicatedSystem/SharedSystem, Outputs:2, VendorId:0x10de
[2017.08.20-15.06.03:554][  0]LogD3D11RHI:    1. 'Microsoft Basic Render Driver' (Feature Level 11_0)
[2017.08.20-15.06.03:554][  0]LogD3D11RHI:       0/0/8167 MB DedicatedVideo/DedicatedSystem/SharedSystem, Outputs:0, VendorId:0x1414
[2017.08.20-15.06.03:555][  0]LogD3D11RHI: Chosen D3D11 Adapter: 0
[2017.08.20-15.06.03:559][  0]LogD3D11RHI: Creating new Direct3DDevice
[2017.08.20-15.06.03:559][  0]LogD3D11RHI:     GPU DeviceId: 0x13c2 (for the marketing name, search the web for "GPU Device Id")
[2017.08.20-15.06.03:559][  0]LogWindows: EnumDisplayDevices:
[2017.08.20-15.06.03:560][  0]LogWindows:    0. 'NVIDIA GeForce GTX 970' (P:1 D:1)
[2017.08.20-15.06.03:560][  0]LogWindows:    1. 'NVIDIA GeForce GTX 970' (P:0 D:1)
[2017.08.20-15.06.03:560][  0]LogWindows:    2. 'NVIDIA GeForce GTX 970' (P:0 D:0)
[2017.08.20-15.06.03:560][  0]LogWindows:    3. 'NVIDIA GeForce GTX 970' (P:0 D:0)
[2017.08.20-15.06.03:560][  0]LogWindows: DebugString: FoundDriverCount:4 
[2017.08.20-15.06.03:560][  0]LogD3D11RHI:     Adapter Name: NVIDIA GeForce GTX 970
[2017.08.20-15.06.03:560][  0]LogD3D11RHI:   Driver Version: 382.05 (internal:22.21.13.8205, unified:382.05)
[2017.08.20-15.06.03:560][  0]LogD3D11RHI:      Driver Date: 5-1-2017
[2017.08.20-15.06.03:560][  0]LogRHI: Texture pool is 1361 MB (70% of 1945 MB)
[2017.08.20-15.06.03:580][  0]LogD3D11RHI: Async texture creation enabled
[2017.08.20-15.06.03:590][  0]LogD3D11RHI: GPU Timing Frequency: 1000.000000 (Debug: 2 1)
[2017.08.20-15.06.03:639][  0]LogShaderCompilers: Guid format shader working directory is -18 characters bigger than the processId version (../../../../../Projects/Project Rise/Git/ProjectRise/ProjectRise/Intermediate/Shaders/WorkingDirectory/3780/).
[2017.08.20-15.06.03:639][  0]LogShaderCompilers: Cleaned the shader compiler working directory 'C:/Users/Maxim/AppData/Local/Temp/UnrealShaderWorkingDir/ECB008064194A93A5FBE2A961B9D419B/'.
[2017.08.20-15.06.03:639][  0]LogShaderCompilers:Display: Using Local Shader Compiler.
[2017.08.20-15.06.07:074][  0]LogTemp:Display: Loaded TP AllDesktopTargetPlatform
[2017.08.20-15.06.07:108][  0]LogTemp:Display: Loaded TP MacClientTargetPlatform
[2017.08.20-15.06.07:142][  0]LogTemp:Display: Loaded TP MacNoEditorTargetPlatform
[2017.08.20-15.06.07:175][  0]LogTemp:Display: Loaded TP MacServerTargetPlatform
[2017.08.20-15.06.07:239][  0]LogTemp:Display: Loaded TP MacTargetPlatform
[2017.08.20-15.06.07:274][  0]LogTemp:Display: Loaded TP WindowsClientTargetPlatform
[2017.08.20-15.06.07:308][  0]LogTemp:Display: Loaded TP WindowsNoEditorTargetPlatform
[2017.08.20-15.06.07:342][  0]LogTemp:Display: Loaded TP WindowsServerTargetPlatform
[2017.08.20-15.06.07:367][  0]LogTemp:Display: Loaded TP WindowsTargetPlatform
[2017.08.20-15.06.07:433][  0]LogTemp:Display: Loaded TP AndroidTargetPlatform
[2017.08.20-15.06.07:465][  0]LogTemp:Display: Loaded TP Android_ASTCTargetPlatform
[2017.08.20-15.06.07:497][  0]LogTemp:Display: Loaded TP Android_ATCTargetPlatform
[2017.08.20-15.06.07:530][  0]LogTemp:Display: Loaded TP Android_DXTTargetPlatform
[2017.08.20-15.06.07:563][  0]LogTemp:Display: Loaded TP Android_ETC1TargetPlatform
[2017.08.20-15.06.07:596][  0]LogTemp:Display: Loaded TP Android_ETC2TargetPlatform
[2017.08.20-15.06.07:661][  0]LogTemp:Display: Loaded TP Android_MultiTargetPlatform
[2017.08.20-15.06.07:661][  0]LogTemp:Display: Loaded TP Android_PVRTCTargetPlatform
[2017.08.20-15.06.07:681][  0]LogTemp:Display: Loaded TP HTML5TargetPlatform
[2017.08.20-15.06.07:815][  0]LogTemp:Display: Loaded TP IOSTargetPlatform
[2017.08.20-15.06.07:838][  0]LogTemp:Display: Loaded TP TVOSTargetPlatform
[2017.08.20-15.06.07:872][  0]LogTemp:Display: Loaded TP LinuxClientTargetPlatform
[2017.08.20-15.06.07:907][  0]LogTemp:Display: Loaded TP LinuxNoEditorTargetPlatform
[2017.08.20-15.06.07:945][  0]LogTemp:Display: Loaded TP LinuxServerTargetPlatform
[2017.08.20-15.06.07:996][  0]LogTemp:Display: Loaded TP LinuxTargetPlatform
[2017.08.20-15.06.07:996][  0]LogTargetPlatformManager:Display: Building Assets For Windows
[2017.08.20-15.06.08:687][  0]LogDerivedDataCache:Display: Max Cache Size: 512 MB
[2017.08.20-15.06.08:857][  0]LogDerivedDataCache: Loaded boot cache 0.17s 50MB C:/Users/Maxim/AppData/Local/UnrealEngine/4.15/DerivedDataCache/Boot.ddc.
[2017.08.20-15.06.08:857][  0]LogDerivedDataCache:Display: Loaded Boot cache: C:/Users/Maxim/AppData/Local/UnrealEngine/4.15/DerivedDataCache/Boot.ddc
[2017.08.20-15.06.08:857][  0]LogDerivedDataCache: FDerivedDataBackendGraph:  Pak pak cache file ../../../../../Projects/Project Rise/Git/ProjectRise/ProjectRise/DerivedDataCache/DDC.ddp not found, will not use a pak cache.
[2017.08.20-15.06.08:857][  0]LogDerivedDataCache: Unable to find inner node Pak for hierarchical cache Hierarchy.
[2017.08.20-15.06.08:857][  0]LogDerivedDataCache: FDerivedDataBackendGraph:  CompressedPak pak cache file ../../../../../Projects/Project Rise/Git/ProjectRise/ProjectRise/DerivedDataCache/Compressed.ddp not found, will not use a pak cache.
[2017.08.20-15.06.08:857][  0]LogDerivedDataCache: Unable to find inner node CompressedPak for hierarchical cache Hierarchy.
[2017.08.20-15.06.08:895][  0]LogDerivedDataCache:Display: Pak cache opened for reading ../../../Engine/DerivedDataCache/Compressed.ddp.
[2017.08.20-15.06.08:907][  0]LogDerivedDataCache: Using Local data cache path C:/Users/Maxim/AppData/Local/UnrealEngine/Common/DerivedDataCache: Writable
[2017.08.20-15.06.08:914][  0]LogSlate: Using Freetype 2.6.0
[2017.08.20-15.06.08:969][  0]LogSlate: SlateFontCache - WITH_FREETYPE: 1, WITH_HARFBUZZ: 1
[2017.08.20-15.06.08:969][  0]LogSlate: SlateFontCache - WITH_FREETYPE: 1, WITH_HARFBUZZ: 1
[2017.08.20-15.06.15:538][  0]LogInit: Selected Device Profile: [Windows]
[2017.08.20-15.06.15:540][  0]LogContentStreaming: Texture pool size is 0.00 MB
[2017.08.20-15.06.15:712][  0]LogMeshUtilities: Using QuadricMeshReduction for automatic static mesh reduction
[2017.08.20-15.06.15:774][  0]LogSimplygon: Simplygon DLL not present - disabling.
[2017.08.20-15.06.15:829][  0]LogMeshUtilities: Using SimplygonSwarm for distributed automatic mesh merging
[2017.08.20-15.06.15:829][  0]LogMeshUtilities: No automatic skeletal mesh reduction module available
[2017.08.20-15.06.15:829][  0]LogMeshUtilities: No automatic mesh merging module available
[2017.08.20-15.06.16:401][  0]LogNetVersion: GetLocalNetworkVersion: CL: 3299760, ProjectName: projectrise, ProjectVersion: , EngineNetworkVersion: 2, GameNetworkVersion: 0, NetworkChecksum: 1405337400
[2017.08.20-15.06.16:459][  0]LogAssetRegistry: FAssetRegistry took 0.0211 seconds to start up
[2017.08.20-15.06.16:576][  0]LogPackageLocalizationCache: Processed 3 localized package path(s) for 1 prioritized culture(s) in 0.106385 seconds
[2017.08.20-15.06.16:582][  0]LogUObjectArray: 32493 objects as part of root set at end of initial load.
[2017.08.20-15.06.16:582][  0]LogUObjectAllocator: 7077024 out of 0 bytes used by permanent object pool.
[2017.08.20-15.06.16:582][  0]LogUObjectArray: CloseDisregardForGC: 0/0 objects in disregard for GC pool
[2017.08.20-15.06.16:615][  0]LogInit: WinSock: version 1.1 (2.2), MaxSocks=32767, MaxUdp=65467
[2017.08.20-15.06.50:517][  0]LogSubstanceCoreModule: Substance [CPU] Engine Loaded, Max Texture Size = 2048
[2017.08.20-15.06.50:587][  0]LogTcpMessaging: Initializing TcpMessaging bridge
[2017.08.20-15.06.50:669][  0]LogUdpMessaging: Initializing bridge on interface 0.0.0.0:0 to multicast group 230.0.0.1:6666.
[2017.08.20-15.06.51:747][  0]LogMaterial: Uniform references updated for custom material expression Custom.
[2017.08.20-15.06.52:109][  0]SourceControl: Info Source control is disabled
[2017.08.20-15.06.52:110][  0]SourceControl: Info Source control is disabled
[2017.08.20-15.06.52:179][  0]SourceControl: Info Source control is disabled
[2017.08.20-15.06.52:259][  0]SourceControl: Info Source control is disabled
[2017.08.20-15.06.54:701][  0]LogEngine: Initializing Engine...
[2017.08.20-15.06.54:719][  0]LogHMD: Failed to initialize OpenVR with code 101
[2017.08.20-15.06.54:802][  0]LogStats: UGameplayTagsManager::ConstructGameplayTagTree: Construct from data asset -  0.000 s
[2017.08.20-15.06.54:803][  0]LogStats: UGameplayTagsManager::ConstructGameplayTagTree: GameplayTagTreeChangedEvent.Broadcast -  0.000 s
[2017.08.20-15.06.54:906][  0]LogAIModule: Creating AISystem for world Untitled
[2017.08.20-15.06.54:915][  0]LogInit: XAudio2 using 'Speakers (Wireless Stereo Headset)' : 2 channels at 48 kHz using 16 bits per sample (channel mask 0x3)
[2017.08.20-15.06.54:925][  0]LogInit: FAudioDevice initialized.
[2017.08.20-15.06.54:951][  0]LogDerivedDataCache: Saved boot cache 0.03s 50MB C:/Users/Maxim/AppData/Local/UnrealEngine/4.15/DerivedDataCache/Boot.ddc.
[2017.08.20-15.06.54:960][  0]LogInit: Texture streaming: Enabled
[2017.08.20-15.06.55:171][  0]LogEngineSessionManager: EngineSessionManager initialized
[2017.08.20-15.06.55:341][  0]LogInit: Transaction tracking system initialized
[2017.08.20-15.06.55:710][  0]BlueprintLog: New page: Editor Load
[2017.08.20-15.06.57:065][  0]LocalizationService: Info Localization service is disabled
[2017.08.20-15.06.58:172][  0]LogConsoleResponse:Display: 
[2017.08.20-15.06.59:747][  0]LogCook:Display: Max memory allowance for cook 16384mb min free memory 0mb
[2017.08.20-15.06.59:747][  0]LogCook:Display: Mobile HDR setting 1
[2017.08.20-15.07.00:511][  0]LogFileCache: Scanning file cache for directory 'M:/Projects/Project Rise/Git/ProjectRise/ProjectRise/Content/' took 0.23s
[2017.08.20-15.07.02:724][  0]SourceControl: Info Source control is disabled
[2017.08.20-15.07.02:724][  0]Cmd: MAP LOAD FILE="../../../../../Projects/Project Rise/Git/ProjectRise/ProjectRise/Content/Levels/TestLevel/Test1.umap" TEMPLATE=0 SHOWPROGRESS=1 FEATURELEVEL=3
[2017.08.20-15.07.02:850][  0]LightingResults: New page: Lighting Build
[2017.08.20-15.07.02:871][  0]MapCheck: New page: Map Check
[2017.08.20-15.07.02:871][  0]LightingResults: New page: Lighting Build
[2017.08.20-15.07.10:311][  0]LogMaterial: Missing cached shader map for material Basement_Door01Mat01, compiling. 
[2017.08.20-15.07.10:312][  0]LogMaterial:Warning: Failed to compile Material /Game/Environment/Basement/Basement_Door/Basement_Door01Mat01/Basement_Door01Mat01.Basement_Door01Mat01 for platform PCD3D_SM5, Default Material will be used in game.
[2017.08.20-15.07.10:312][  0]LogMaterial:Warning: 	(Node TextureSample) TextureSample> Sampler type is Color, should be Linear Color for /Game/Environment/Basement/Basement_Wall/Basement_Wall01Mat01/01/Basement_Wall01_Wall_OcclusionRoughnessMetallic.Basement_Wall01_Wall_OcclusionRoughnessMetallic
[2017.08.20-15.07.10:312][  0]LogMaterial:Warning: 	(Node TextureSample) TextureSample> Sampler type is Color, should be Linear Color for /Game/Environment/Basement/Basement_Wall/Basement_Wall01Mat01/02/Basement_Wall01_Wall_OcclusionRoughnessMetallic.Basement_Wall01_Wall_OcclusionRoughnessMetallic
[2017.08.20-15.07.10:569][  0]LogAIModule: Creating AISystem for world Test1
[2017.08.20-15.07.10:623][  0]LogEditorServer: Finished looking for orphan Actors (0.000 secs)
[2017.08.20-15.07.10:623][  0]MapCheck: Info Repaired painted vertex colors in 0.0s for 150 components in /Game/Levels/TestLevel/Test1.  Resave map to fix. 
[2017.08.20-15.07.10:623][  0]MapCheck:Warning: Warning Spent 0.0s repairing painted vertex colors due to static mesh re-imports!  This will happen every load until the maps are resaved. 
[2017.08.20-15.07.10:623][  0]Cmd: MAP CHECKDEP NOCLEARLOG
[2017.08.20-15.07.10:649][  0]MapCheck: Info Map check complete: 0 Error(s), 1 Warning(s), took 26.007ms to complete.
[2017.08.20-15.07.10:677][  0]LogFileHelpers: Loading map 'Test1' took 7.953
[2017.08.20-15.07.10:841][  0]LogCollectionManager: Loaded 1 collections in 0.003319 seconds
[2017.08.20-15.07.10:933][  0]LogFileCache: Scanning file cache for directory 'M:/Projects/Project Rise/Git/ProjectRise/ProjectRise/Saved/Collections/' took 0.01s
[2017.08.20-15.07.10:933][  0]LogFileCache: Scanning file cache for directory 'M:/Projects/Project Rise/Git/ProjectRise/ProjectRise/Content/Developers/Maxim/Collections/' took 0.01s
[2017.08.20-15.07.10:933][  0]LogFileCache: Scanning file cache for directory 'M:/Projects/Project Rise/Git/ProjectRise/ProjectRise/Content/Collections/' took 0.01s
[2017.08.20-15.07.10:933][  0]LogCollectionManager: Rebuilt the GUID cache for 1 collections in 0.000003 seconds
[2017.08.20-15.07.10:933][  0]LogCollectionManager: Rebuilt the hierarchy cache for 1 collections in 0.000000 seconds
[2017.08.20-15.07.10:941][  0]LogContentBrowser: Native class hierarchy populated in 0.0075 seconds. Added 2259 classes and 459 folders.
[2017.08.20-15.07.10:974][  0]LogContentBrowser: Native class hierarchy updated for 'WidgetCarousel' in 0.0004 seconds. Added 0 classes and 0 folders.
[2017.08.20-15.07.11:000][  0]LogContentBrowser: Native class hierarchy updated for 'AddContentDialog' in 0.0004 seconds. Added 0 classes and 0 folders.
[2017.08.20-15.07.11:022][  0]LogContentBrowser: Native class hierarchy updated for 'SceneOutliner' in 0.0004 seconds. Added 1 classes and 2 folders.
[2017.08.20-15.07.11:111][  0]LogContentBrowser: Native class hierarchy updated for 'WorldBrowser' in 0.0005 seconds. Added 1 classes and 3 folders.
[2017.08.20-15.07.11:127][  0]LogCrashTracker: Crashtracker disabled due to settings.
[2017.08.20-15.07.11:133][  0]LogUObjectGlobals:Warning: Failed to find object 'Class None.'
[2017.08.20-15.07.11:179][  0]LogContentBrowser: Native class hierarchy updated for 'HierarchicalLODOutliner' in 0.0006 seconds. Added 1 classes and 2 folders.
[2017.08.20-15.07.11:179][  0]LogLoad: (Engine Initialization) Total time: 80.96 seconds
[2017.08.20-15.07.11:179][  0]LogLoad: (Engine Initialization) Total Blueprint compile time: 0.17 seconds
[2017.08.20-15.07.11:179][  0]LogExternalProfiler: No external profilers were discovered.  External profiling features will not be available.
[2017.08.20-15.07.11:519][  0]LogOcInput: OculusInput pre-init called
[2017.08.20-15.07.11:550][  0]LogContentStreaming: Texture pool size now 1000 MB
[2017.08.20-15.07.11:551][  0]LogSlate: Took 0.000170 seconds to synchronously load lazily loaded font '../../../Engine/Content/Slate/Fonts/Roboto-Bold.ttf' (160K)
[2017.08.20-15.07.11:553][  0]LogSlate: Took 0.000134 seconds to synchronously load lazily loaded font '../../../Engine/Content/Slate/Fonts/Roboto-Regular.ttf' (155K)
[2017.08.20-15.07.11:559][  0]LogSlate: Took 0.000181 seconds to synchronously load lazily loaded font '../../../Engine/Content/Editor/Slate/Fonts/FontAwesome.ttf' (139K)
[2017.08.20-15.07.11:928][  0]LogRenderer: Reallocating scene render targets to support 1040x540 NumSamples 1 (Frame:2).
[2017.08.20-15.07.11:928][  0]LogSlate: Took 0.236269 seconds to synchronously load lazily loaded font '../../../Engine/Content/Slate/Fonts/Roboto-Light.ttf' (159K)
[2017.08.20-15.07.13:229][  3]LogSlate: Took 0.000189 seconds to synchronously load lazily loaded font '../../../Engine/Content/Slate/Fonts/Roboto-Light.ttf' (159K)
[2017.08.20-15.07.13:520][  4]LogAssetRegistry: Asset discovery search completed in 57.0825 seconds
[2017.08.20-15.07.13:520][  4]LogCollectionManager: Rebuilt the object cache for 1 collections in 0.000005 seconds (found 0 objects)
[2017.08.20-15.07.13:520][  4]LogCollectionManager: Fixed up redirectors for 1 collections in 0.000014 seconds (updated 0 objects)
[2017.08.20-15.07.17:061][311]LogFileCache: Retrieving MD5 hashes for directory 'M:/Projects/Project Rise/Git/ProjectRise/ProjectRise/Content/' took 5.53s
[2017.08.20-15.07.35:285][984]SourceControl: Info On branch master
[2017.08.20-15.07.35:285][984]SourceControl: Info Your branch is up-to-date with 'origin/master'.
[2017.08.20-15.07.35:285][984]SourceControl: Info Untracked files:
[2017.08.20-15.07.35:285][984]SourceControl: Info   (use "git add <file>..." to include in what will be committed)
[2017.08.20-15.07.35:285][984]SourceControl: Info 	ProjectRise/
[2017.08.20-15.07.35:285][984]SourceControl: Info nothing added to commit but untracked files present (use "git add" to track)
[2017.08.20-15.07.43:924][697]SourceControl: Info fatal: M:/Programs/UE_4.15/Engine/Content/: 'M:/Programs/UE_4.15/Engine/Content/' is outside repository
[2017.08.20-15.07.44:654][697]LogPackageName:Error: Illegal call to DoesPackageExist: '../../../../../Projects/Project Rise/Git/ProjectRise/ProjectRise/ProjectRise.uproject' is not a standard unreal filename or a long path name. Reason: Path should be no less than 4 characters long.
[2017.08.20-15.07.46:592][697]LogStats: FPlatformStackWalk::StackWalkAndDump -  1.926 s
[2017.08.20-15.07.46:592][697]LogOutputDevice:Error: === Handled ensure: ===
[2017.08.20-15.07.46:592][697]LogOutputDevice:Error: 
[2017.08.20-15.07.46:592][697]LogOutputDevice:Error: Ensure condition failed: false [File:D:\Build\++UE4+Release-4.15+Compile\Sync\Engine\Source\Runtime\CoreUObject\Private\Misc\PackageName.cpp] [Line: 650]
[2017.08.20-15.07.46:592][697]LogOutputDevice:Error: Illegal call to DoesPackageExist: '../../../../../Projects/Project Rise/Git/ProjectRise/ProjectRise/ProjectRise.uproject' is not a standard unreal filename or a long path name. Reason: Path should be no less than 4 characters long.
[2017.08.20-15.07.46:592][697]LogOutputDevice:Error: Stack: 
[2017.08.20-15.07.46:592][697]LogOutputDevice:Error: UE4Editor-Core.dll!0x00000000B14095E6
[2017.08.20-15.07.46:592][697]LogOutputDevice:Error: UE4Editor-Core.dll!0x00000000B11B9B82
[2017.08.20-15.07.46:592][697]LogOutputDevice:Error: UE4Editor-Core.dll!0x00000000B11CB666
[2017.08.20-15.07.46:592][697]LogOutputDevice:Error: UE4Editor-CoreUObject.dll!0x00000000CA43A6E8
[2017.08.20-15.07.46:592][697]LogOutputDevice:Error: UE4Editor-SourceControl.dll!0x00000000D5D43D22
[2017.08.20-15.07.46:592][697]LogOutputDevice:Error: UE4Editor-SourceControl.dll!0x00000000D5D43EB9
[2017.08.20-15.07.46:592][697]LogOutputDevice:Error: UE4Editor-SourceControlWindows.dll!0x00000000A6EE1D2E
[2017.08.20-15.07.46:592][697]LogOutputDevice:Error: UE4Editor-SourceControlWindows.dll!0x00000000A6E9B4B5
[2017.08.20-15.07.46:592][697]LogOutputDevice:Error: UE4Editor-SourceControlWindows.dll!0x00000000A6E9AA8D
[2017.08.20-15.07.46:592][697]LogOutputDevice:Error: UE4Editor-SourceControlWindows.dll!0x00000000A6EAF274
[2017.08.20-15.07.46:592][697]LogOutputDevice:Error: UE4Editor-GitSourceControl.dll!0x00000000A022B851
[2017.08.20-15.07.46:592][697]LogOutputDevice:Error: UE4Editor-GitSourceControl.dll!0x00000000A023D1ED
[2017.08.20-15.07.46:592][697]LogOutputDevice:Error: UE4Editor-SourceControl.dll!0x00000000D5D49C5C
[2017.08.20-15.07.46:592][697]LogOutputDevice:Error: UE4Editor-UnrealEd.dll!0x00000000AC687517
[2017.08.20-15.07.46:592][697]LogOutputDevice:Error: UE4Editor-UnrealEd.dll!0x00000000ACE92196
[2017.08.20-15.07.46:592][697]LogOutputDevice:Error: UE4Editor.exe!0x0000000089CEDEE3
[2017.08.20-15.07.46:592][697]LogOutputDevice:Error: UE4Editor.exe!0x0000000089CDEB40
[2017.08.20-15.07.46:592][697]LogOutputDevice:Error: UE4Editor.exe!0x0000000089CDEBBA
[2017.08.20-15.07.46:592][697]LogOutputDevice:Error: UE4Editor.exe!0x0000000089CF0A29
[2017.08.20-15.07.46:592][697]LogOutputDevice:Error: UE4Editor.exe!0x0000000089CF22B6
[2017.08.20-15.07.46:592][697]LogOutputDevice:Error: KERNEL32.DLL!0x00000000FBFA2774
[2017.08.20-15.07.46:592][697]LogOutputDevice:Error: ntdll.dll!0x00000000FE8D0D51
[2017.08.20-15.07.46:592][697]LogOutputDevice:Error: 
[2017.08.20-15.07.46:602][697]LogStats:                SubmitErrorReport -  0.000 s
