"../../../Engine/Content/Functions/Engine_MaterialFunctions01/Opacity/CameraDepthFade.uasset" 0
"../../../Engine/Content/EngineMaterials/T_Default_Material_Grid_M.uasset" 1
"../../../Engine/Content/EngineMaterials/T_Default_Material_Grid_N.uasset" 2
"../../../Engine/Content/EngineMaterials/DefaultMaterial.uasset" 3
"../../../Engine/Content/BasicShapes/Cone.uasset" 4
"../../../Engine/Content/EditorLandscapeResources/DataLayer.uasset" 5
"../../../Engine/Content/EditorMaterials/GizmoMaterial.uasset" 6
"../../../Engine/Content/EditorMaterials/MAT_Groups_Toggle.uasset" 7
"../../../Engine/Content/EditorMaterials/MAT_Groups_Visibility.uasset" 8
"../../../Engine/Content/EditorMaterials/PreviewShadowIndicator.uasset" 9
"../../../Engine/Content/EditorMaterials/PreviewShadowIndicatorMaterial.uasset" 10
"../../../Engine/Content/EditorMaterials/AssetViewer/EpicQuadPanorama_CC+EV1.uasset" 11
"../../../Engine/Content/EditorMaterials/MatineeGroups/MAT_ColorTrack.uasset" 12
"../../../Engine/Content/EditorMaterials/MatineeGroups/MAT_Groups_Anim.uasset" 13
"../../../Engine/Content/EditorMaterials/MatineeGroups/MAT_Groups_AudioMaster.uasset" 14
"../../../Engine/Content/EditorMaterials/MatineeGroups/MAT_Groups_Director.uasset" 15
"../../../Engine/Content/EditorMaterials/MatineeGroups/MAT_Groups_Event.uasset" 16
"../../../Engine/Content/EditorMaterials/MatineeGroups/MAT_Groups_Fade.uasset" 17
"../../../Engine/Content/EditorMaterials/MatineeGroups/MAT_Groups_Float.uasset" 18
"../../../Engine/Content/EditorMaterials/MatineeGroups/MAT_Groups_Move.uasset" 19
"../../../Engine/Content/EditorMaterials/MatineeGroups/MAT_Groups_Slomo.uasset" 20
"../../../Engine/Content/EditorMaterials/MatineeGroups/MAT_Groups_Sound.uasset" 21
"../../../Engine/Content/EditorMaterials/MatineeGroups/MAT_Groups_Vector.uasset" 22
"../../../Engine/Content/EditorMaterials/ParticleSystems/PSysThumbnail_NoImage.uasset" 23
"../../../Engine/Content/EditorMaterials/ParticleSystems/PSysThumbnail_OOD.uasset" 24
"../../../Engine/Content/EditorMaterials/Camera/CineMat.uasset" 25
"../../../Engine/Content/EditorMaterials/Camera/MI_CineMat_Rig.uasset" 26
"../../../Engine/Content/EditorMeshes/Camera/SM_CraneRig_Arm.uasset" 27
"../../../Engine/Content/EditorMeshes/Camera/SM_CraneRig_Base.uasset" 28
"../../../Engine/Content/EditorMeshes/Camera/SM_CraneRig_Body.uasset" 29
"../../../Engine/Content/EditorMeshes/Camera/SM_CraneRig_Mount.uasset" 30
"../../../Engine/Content/EditorMeshes/Camera/SM_RailRig_Mount.uasset" 31
"../../../Engine/Content/EditorMeshes/Camera/SM_RailRig_Track.uasset" 32
"../../../Engine/Content/EditorMeshes/ColorCalibrator/M_ChromeBall.uasset" 33
"../../../Engine/Content/EditorMeshes/ColorCalibrator/M_ClearCoat.uasset" 34
"../../../Engine/Content/EditorMeshes/ColorCalibrator/M_ClearCoatBlack.uasset" 35
"../../../Engine/Content/EditorMeshes/ColorCalibrator/T_ColorGrid.uasset" 36
"../../../Engine/Content/EditorMeshes/ColorCalibrator/M_ColorGrid.uasset" 37
"../../../Engine/Content/EditorMeshes/ColorCalibrator/M_GreyBall.uasset" 38
"../../../Engine/Content/EditorMeshes/ColorCalibrator/SM_ColorCalibrator.uasset" 39
"../../../Engine/Content/EditorResources/BSPVertex.uasset" 40
"../../../Engine/Content/EditorResources/EmptyActor.uasset" 41
"../../../Engine/Content/EditorResources/RGBTable16x1_AssetViewer.uasset" 42
"../../../Engine/Content/EditorResources/S_Actor.uasset" 43
"../../../Engine/Content/EditorResources/S_Trigger.uasset" 44
"../../../Engine/Content/EditorResources/LightIcons/S_LightError.uasset" 45
"../../../Engine/Content/EditorResources/SequenceRecorder/Countdown.uasset" 46
"../../../Engine/Content/EditorResources/SequenceRecorder/RecordingIndicator.uasset" 47
"../../../Engine/Content/EditorSounds/Notifications/CompileFailed.uasset" 48
"../../../Engine/Content/EditorSounds/Notifications/CompileFailed_Cue.uasset" 49
"../../../Engine/Content/EditorSounds/Notifications/CompileSuccess.uasset" 50
"../../../Engine/Content/EditorSounds/Notifications/CompileStart_Cue.uasset" 51
"../../../Engine/Content/EditorSounds/Notifications/CompileSuccess_Cue.uasset" 52
"../../../Engine/Content/EngineDamageTypes/DmgTypeBP_Environmental.uasset" 53
"../../../Engine/Content/EngineDebugMaterials/HeatmapGradient.uasset" 54
"../../../Engine/Content/EngineDebugMaterials/BoneWeightMaterial.uasset" 55
"../../../Engine/Content/EngineDebugMaterials/DebugMeshMaterial.uasset" 56
"../../../Engine/Content/EngineDebugMaterials/GeomMaterial.uasset" 57
"../../../Engine/Content/EngineFonts/Roboto.uasset" 58
"../../../Engine/Content/EngineFonts/RobotoTiny.uasset" 59
"../../../Engine/Content/EngineMaterials/DefaultBokeh.uasset" 60
"../../../Engine/Content/EngineMaterials/DefaultDiffuse.uasset" 61
"../../../Engine/Content/EngineMaterials/DefaultDeferredDecalMaterial.uasset" 62
"../../../Engine/Content/EngineMaterials/DefaultLightFunctionMaterial.uasset" 63
"../../../Engine/Content/EngineMaterials/DefaultPhysicalMaterial.uasset" 64
"../../../Engine/Content/Functions/Engine_MaterialFunctions02/Utility/BreakOutFloat2Components.uasset" 65
"../../../Engine/Content/EngineMaterials/DefaultPostProcessMaterial.uasset" 66
"../../../Engine/Content/EngineFonts/RobotoDistanceField.uasset" 67
"../../../Engine/Content/EngineMaterials/DefaultTextMaterialOpaque.uasset" 68
"../../../Engine/Content/EngineMaterials/DefaultWhiteGrid.uasset" 69
"../../../Engine/Content/EngineMaterials/EditorBrushMaterial.uasset" 70
"../../../Engine/Content/EngineMaterials/Good64x64TilingNoiseHighFreq.uasset" 71
"../../../Engine/Content/EngineMaterials/MiniFont.uasset" 72
"../../../Engine/Content/EngineMaterials/InvalidLightmapSettings.uasset" 73
"../../../Engine/Content/EngineMaterials/M_InvalidLightmapSettings.uasset" 74
"../../../Engine/Content/EngineMaterials/PhAT_JointLimitMaterial.uasset" 75
"../../../Engine/Content/EngineMaterials/PreintegratedSkinBRDF.uasset" 76
"../../../Engine/Content/EngineMaterials/RemoveSurfaceMaterial.uasset" 77
"../../../Engine/Content/EngineMaterials/WeightMapPlaceholderTexture.uasset" 78
"../../../Engine/Content/EngineResources/WhiteSquareTexture.uasset" 79
"../../../Engine/Content/EngineMaterials/Widget3DPassThrough.uasset" 80
"../../../Engine/Content/EngineMaterials/Widget3DPassThrough_Masked.uasset" 81
"../../../Engine/Content/EngineMaterials/Widget3DPassThrough_Opaque.uasset" 82
"../../../Engine/Content/EngineMaterials/Widget3DPassThrough_Masked_OneSided.uasset" 83
"../../../Engine/Content/EngineMaterials/Widget3DPassThrough_Opaque_OneSided.uasset" 84
"../../../Engine/Content/EngineMaterials/Widget3DPassThrough_Translucent.uasset" 85
"../../../Engine/Content/EngineMaterials/Widget3DPassThrough_Translucent_OneSided.uasset" 86
"../../../Engine/Content/EngineMeshes/Cube.uasset" 87
"../../../Engine/Content/EngineMeshes/Cylinder.uasset" 88
"../../../Engine/Content/EngineMeshes/Sphere.uasset" 89
"../../../Engine/Content/EngineResources/AICON-Green.uasset" 90
"../../../Engine/Content/EngineResources/AICON-Red.uasset" 91
"../../../Engine/Content/EngineResources/Black.uasset" 92
"../../../Engine/Content/EngineResources/DefaultTexture.uasset" 93
"../../../Engine/Content/EngineResources/DefaultTextureCube.uasset" 94
"../../../Engine/Content/EngineResources/GradientTexture0.uasset" 95
"../../../Engine/Content/EngineSounds/Master.uasset" 96
"../../../Engine/Content/EngineSounds/MasterSubmix.uasset" 97
"../../../Engine/Content/EngineTireTypes/DefaultTireType.uasset" 98
"../../../Engine/Content/Functions/Engine_MaterialFunctions01/Shading/ConvertFromDiffSpec.uasset" 99
"../../../Engine/Content/Functions/Engine_MaterialFunctions01/Shading/PowerToRoughness.uasset" 100
"../../../Engine/Content/Maps/Templates/Thumbnails/Default.uasset" 101
"../../../Engine/Content/Maps/Templates/Thumbnails/VR-Basic.uasset" 102
"../../../Engine/Content/MobileResources/T_MobileControls_texture.uasset" 103
"../../../Engine/Content/MobileResources/T_MobileMenu2.uasset" 104
"../../../Engine/Content/MobileResources/HUD/AnalogHat.uasset" 105
"../../../Engine/Content/MobileResources/HUD/VirtualJoystick_Background.uasset" 106
"../../../Engine/Content/MobileResources/HUD/VirtualJoystick_Thumb.uasset" 107
"../../../Engine/Content/MobileResources/HUD/DefaultVirtualJoysticks.uasset" 108
"../../../Engine/Content/MobileResources/HUD/LeftVirtualJoystickOnly.uasset" 109
"../../../Engine/Content/MobileResources/HUD/MobileHUDButton1_off.uasset" 110
"../../../Engine/Content/MobileResources/HUD/MobileHUDButton1_on.uasset" 111
"../../../Engine/Content/MobileResources/HUD/MobileHUDButton2_off.uasset" 112
"../../../Engine/Content/MobileResources/HUD/MobileHUDButton2_on.uasset" 113
"../../../Engine/Content/MobileResources/HUD/MobileHUDButton3.uasset" 114
"../../../Engine/Content/MobileResources/HUD/MobileHUDButtonFire.uasset" 115
"../../../Engine/Content/MobileResources/HUD/MobileHUDDirectionPad.uasset" 116
"../../../Engine/Content/MobileResources/HUD/MobileHUDDirectionPad2.uasset" 117
"../../../Engine/Content/MobileResources/HUD/MobileHUDDirectionPad3.uasset" 118
"../../../Engine/Content/MobileResources/HUD/MobileHUDDirectionStick.uasset" 119
"../../../Engine/Content/MobileResources/HUD/T_Castle_ThumbstickInner.uasset" 120
"../../../Engine/Content/MobileResources/HUD/T_Castle_ThumbstickOutter.uasset" 121
"../../../Engine/Content/Tutorial/ContentIntroCurve.uasset" 122
"../../../Engine/Content/Tutorial/Basics/TutorialAssets/icon_tab_Levels_40x.uasset" 123
"../../../Engine/Content/Tutorial/BlueprintTutorials/TutorialAssets/BlueprintInterface_64x.uasset" 124
"../../../Engine/Content/Tutorial/BlueprintTutorials/TutorialAssets/BlueprintMacroLibrary_64x.uasset" 125
"../../../Engine/Content/Tutorial/BlueprintTutorials/TutorialAssets/Blueprint_64x.uasset" 126
"../../../Engine/Content/Tutorial/BlueprintTutorials/TutorialAssets/Tutorial_BP_Interface.uasset" 127
"../../../Engine/Content/Tutorial/Foliage/TutorialAssets/Foliage.uasset" 128
"../../../Engine/Content/Tutorial/Landscape/TutorialAssets/Landscape.uasset" 129
"../../../Engine/Content/Tutorial/Paper2D/TutorialAssets/Paper2DFlipbook_TutorialIcon.uasset" 130
"../../../Engine/Content/Tutorial/Paper2D/TutorialAssets/Paper2DSprite_TutorialIcon.uasset" 131
"../../../Engine/Content/Tutorial/SubEditors/TutorialAssets/icon_Editor_Preferences_General_40x.uasset" 132
"../../../Engine/Content/Tutorial/SubEditors/TutorialAssets/icon_ShowSkeletalMeshes_40x.uasset" 133
"../../../Engine/Content/Tutorial/SubEditors/TutorialAssets/TutorialMaterial.uasset" 134
"../../../Engine/Content/Tutorial/SubEditors/TutorialAssets/T_SmokeSubUV_8X8.uasset" 135
"../../../Engine/Content/Tutorial/SubEditors/TutorialAssets/T_soft_smoke.uasset" 136
"../../../Engine/Content/Tutorial/SubEditors/TutorialAssets/M_smoke_subUV_blackbody.uasset" 137
"../../../Engine/Content/Tutorial/SubEditors/TutorialAssets/TutorialParticleSystem.uasset" 138
"../../../Engine/Content/EngineMaterials/WorldGridMaterial.uasset" 139
"../../../Engine/Content/EditorMeshes/EditorCube.uasset" 140
"../../../Engine/Content/Tutorial/SubEditors/TutorialAssets/Tutorial_DM.uasset" 141
"../../../Engine/Content/VREditor/Devices/Generic/GenericHMDMaterial.uasset" 142
"../../../Engine/Content/VREditor/Devices/Generic/GenericHMD.uasset" 143
"../../../Engine/Content/VREditor/FloatingText/LineMaterial.uasset" 144
"../../../Engine/Content/VREditor/FloatingText/JointSphere.uasset" 145
"../../../Engine/Content/VREditor/FloatingText/LineSegmentCylinder.uasset" 146
"../../../Engine/Content/VREditor/Fonts/VRText_RobotoLarge.uasset" 147
"../../../Engine/Content/VREditor/Fonts/VRTextMaterial.uasset" 148
"../../../Engine/Content/VREditor/Fonts/TranslucentVRTextMaterial.uasset" 149
"../../../Engine/Content/VREditor/LaserPointer/VR_LaserPower_01.uasset" 150
"../../../Engine/Content/VREditor/LaserPointer/LaserPointerMaterial.uasset" 151
"../../../Engine/Content/VREditor/LaserPointer/LaserPointerMaterialInst.uasset" 152
"../../../Engine/Content/VREditor/LaserPointer/TranslucentLaserPointerMaterialInst.uasset" 153
"../../../Engine/Content/VREditor/LaserPointer/LaserPointerMesh.uasset" 154
"../../../Engine/Content/VREditor/Sounds/VR_grab_Cue.uasset" 155
"../../../Engine/Content/VREditor/Sounds/VR_teleport_Cue.uasset" 156
"../../../Engine/Content/VREditor/TransformGizmo/TransformGizmoMaterial.uasset" 157
"../../../Engine/Content/VREditor/TransformGizmo/TranslucentTransformGizmoMaterial.uasset" 158
"../../../Engine/Content/VREditor/TransformGizmo/BoundingBoxCorner.uasset" 159
"../../../Engine/Content/VREditor/TransformGizmo/BoundingBoxEdge.uasset" 160
"../../../Engine/Content/VREditor/TransformGizmo/PlaneTranslationHandle.uasset" 161
"../../../Engine/Content/VREditor/TransformGizmo/RotationHandle.uasset" 162
"../../../Engine/Content/VREditor/TransformGizmo/RotationHandleFull.uasset" 163
"../../../Engine/Content/VREditor/TransformGizmo/StretchingHandle.uasset" 164
"../../../Engine/Content/VREditor/TransformGizmo/TranslateHandleLong.uasset" 165
"../../../Engine/Content/VREditor/TransformGizmo/TranslationHandle.uasset" 166
"../../../Engine/Content/VREditor/TransformGizmo/UniformScaleHandle.uasset" 167
"../../../Engine/Content/VREditor/UI/CloseButtonMesh.uasset" 168
"../../../Engine/Content/VREditor/UI/SelectionBarMesh.uasset" 169
"../../../Engine/Content/Functions/Engine_MaterialFunctions01/Gradient/RadialGradient.uasset" 170
"../../../Engine/Content/VREditor/WorldMovementGrid/SimpleGrid.uasset" 171
"../../../Engine/Content/VREditor/WorldMovementGrid/GridMaterial.uasset" 172
"../../../Engine/Content/Functions/Engine_MaterialFunctions01/Density/ExponentialDensity.uasset" 173
"../../../Engine/Content/VREditor/WorldMovementGrid/GridPostProcess.uasset" 174
"../../../Engine/Content/EditorLandscapeResources/FlattenHeightMat.uasset" 175
"../../../Engine/Content/VREditor/WorldMovementGrid/PlaneMesh.uasset" 176
"../../../ProjectRise/Content/Blueprints/GameInstances/TestInstance.uasset" 177
"../../../Engine/Content/EditorBlueprintResources/StandardMacros.uasset" 178
"../../../Engine/Content/BasicShapes/BasicShapeMaterial.uasset" 179
"../../../Engine/Content/BasicShapes/Cube.uasset" 180
"../../../Engine/Content/BasicShapes/Sphere.uasset" 181
"../../../ProjectRise/Content/Environment/Basement/Basement_Wall/Basement_Wall01Mat01/01/Basement_Wall01_Wall_BaseColor.uasset" 182
"../../../ProjectRise/Content/Environment/Basement/Basement_Wall/Basement_Wall01Mat01/01/Basement_Wall01_Wall_Normal.uasset" 183
"../../../ProjectRise/Content/Environment/Basement/Basement_Wall/Basement_Wall01Mat01/01/Basement_Wall01_Wall_OcclusionRoughnessMetallic.uasset" 184
"../../../ProjectRise/Content/Environment/Basement/Basement_Wall/Basement_Wall01Mat01/02/Basement_Wall01_Wall_BaseColor.uasset" 185
"../../../ProjectRise/Content/Environment/Basement/Basement_Wall/Basement_Wall01Mat01/02/Basement_Wall01_Wall_Normal.uasset" 186
"../../../ProjectRise/Content/Environment/Basement/Basement_Wall/Basement_Wall01Mat01/02/Basement_Wall01_Wall_OcclusionRoughnessMetallic.uasset" 187
"../../../ProjectRise/Content/Environment/Basement/Basement_Door/Basement_Door01Mat01/Basement_Door01Mat01.uasset" 188
"../../../ProjectRise/Content/Environment/Basement/Basement_Wall/Basement_Wall01.uasset" 189
"../../../ProjectRise/Content/Blueprints/Doors/TestDoorItselfBackup.uasset" 190
"../../../ProjectRise/Content/Environment/Basement/Basement_Wall/Basement_Wall01Mat01/Basement_Wall01Mat01.uasset" 191
"../../../ProjectRise/Content/Environment/Basement/Basement_Door/Basement_Door01Mat01/Basement_Door_Mat01.uasset" 192
"../../../ProjectRise/Content/Blueprints/Doors/TestInstanceDoorFrame.uasset" 193
"../../../ProjectRise/Content/Blueprints/Functsions/SmallFunctsions.uasset" 194
"../../../ProjectRise/Content/Environment/Basement/Basement_Floor/Basement_Floor01.uasset" 195
"../../../ProjectRise/Content/Blueprints/Props/TestCloset.uasset" 196
"../../../Engine/Content/EditorMaterials/Cascade/CASC_Cross.uasset" 197
"../../../Engine/Content/EditorMaterials/Cascade/CASC_None.uasset" 198
"../../../Engine/Content/Functions/Engine_MaterialFunctions03/Blends/Blend_Overlay.uasset" 199
"../../../ProjectRise/Content/Environment/Basement/Basement_Wall/RGB.uasset" 200
"../../../ProjectRise/Content/Environment/Basement/Basement_Wall/Def.uasset" 201
"../../../ProjectRise/Content/Blueprints/Props/testOneWallOver-LappingTiling.uasset" 202
"../../../ProjectRise/Content/Blueprints/Props/testdest.uasset" 203
"../../../ProjectRise/Content/Blueprints/Props/TestMoveCube.uasset" 204
"../../../ProjectRise/Content/Blueprints/Props/TestMoveSphere.uasset" 205
"../../../ProjectRise/Content/Blueprints/Props/testOneWallOver-LappingTiling_DM.uasset" 206
"../../../ProjectRise/Content/Blueprints/SaveGameData/TestSreamSave.uasset" 207
"../../../ProjectRise/Content/Environment/Basement/Basement_Door/Basement_Door.uasset" 208
"../../../ProjectRise/Content/Environment/Basement/Basement_Door/Basement_Door01Mat01/01/Basement_Wall01_Wall_BaseColor_2.uasset" 209
"../../../ProjectRise/Content/Environment/Basement/Basement_Door/Basement_Door01Mat01/01/Basement_Wall01_Wall_Normal_2.uasset" 210
"../../../ProjectRise/Content/Environment/Basement/Basement_Door/Basement_Door01Mat01/01/Basement_Wall01_Wall_OcclusionRoughnessMetallic_2.uasset" 211
"../../../ProjectRise/Content/Environment/Basement/Basement_Door/Basement_Door01Mat01/02/Basement_Wall01_Wall_BaseColor.uasset" 212
"../../../ProjectRise/Content/Environment/Basement/Basement_Door/Basement_Door01Mat01/02/Basement_Wall01_Wall_Normal.uasset" 213
"../../../ProjectRise/Content/Environment/Basement/Basement_Door/Basement_Door01Mat01/02/Basement_Wall01_Wall_OcclusionRoughnessMetallic.uasset" 214
"../../../ProjectRise/Content/Environment/Basement/Basement_Wall/Basement_Wall01Mat02/PW_ConcreteWall001.uasset" 215
"../../../ProjectRise/Content/Environment/Basement/Basement_Wall/Basement_Wall01Mat02/Basement_Wall01_Mat02_INST.uasset" 216
"../../../ProjectRise/Content/Environment/Basement/Basement_Wall/Basement_Wall01Mat02/Basement_Wall01_Mat02_INST_ambientocclusion.uasset" 217
"../../../ProjectRise/Content/Environment/Basement/Basement_Wall/Basement_Wall01Mat02/Basement_Wall01_Mat02_INST_basecolor.uasset" 218
"../../../ProjectRise/Content/Environment/Basement/Basement_Wall/Basement_Wall01Mat02/Basement_Wall01_Mat02_INST_height.uasset" 219
"../../../ProjectRise/Content/Environment/Basement/Basement_Wall/Basement_Wall01Mat02/Basement_Wall01_Mat02_INST_metallic.uasset" 220
"../../../ProjectRise/Content/Environment/Basement/Basement_Wall/Basement_Wall01Mat02/Basement_Wall01_Mat02_INST_normal.uasset" 221
"../../../ProjectRise/Content/Environment/Basement/Basement_Wall/Basement_Wall01Mat02/Basement_Wall01_Mat02_INST_roughness.uasset" 222
"../../../ProjectRise/Content/Environment/Basement/Basement_Wall/Basement_Wall01Mat02/Basement_Wall01_Mat02.uasset" 223
"../../../ProjectRise/Content/Environment/Basement/Basement_Wall/Basement_Wall01Mat02/Basement_Wall01Mat02.uasset" 224
"../../../ProjectRise/Content/Environment/BoilerRoom/DoorRollingGate.uasset" 225
"../../../ProjectRise/Content/Environment/BoilerRoom/Materials/Textures/BoilderRoomWallMat/TestScaleWall_DefaultMaterial_OcclusionRoughnessMetallic.uasset" 226
"../../../ProjectRise/Content/Environment/BoilerRoom/Materials/Textures/BoilerWallMat11/DefaultMaterial_normal_base.uasset" 227
"../../../ProjectRise/Content/Environment/BoilerRoom/Materials/Textures/BoilerWallMat11/Fin.uasset" 228
"../../../ProjectRise/Content/Environment/BoilerRoom/Materials/BoilerWallMat11.uasset" 229
"../../../ProjectRise/Content/Environment/BoilerRoom/DoorWall1.uasset" 230
"../../../ProjectRise/Content/Environment/BoilerRoom/Wall0_33x4_0.uasset" 231
"../../../ProjectRise/Content/Environment/BoilerRoom/Wall2x4_0.uasset" 232
"../../../ProjectRise/Content/Environment/BoilerRoom/Materials/Textures/BoilderRoomWallMat3/Wall4x4_Material_000_BaseColor.uasset" 233
"../../../ProjectRise/Content/Environment/BoilerRoom/Materials/Textures/BoilderRoomWallMat3/Wall4x4_Material_000_Height.uasset" 234
"../../../ProjectRise/Content/Environment/BoilerRoom/Materials/Textures/BoilderRoomWallMat3/Wall4x4_Material_000_Normal.uasset" 235
"../../../ProjectRise/Content/Environment/BoilerRoom/Materials/Textures/BoilderRoomWallMat3/Wall4x4_Material_000_OcclusionRoughnessMetallic.uasset" 236
"../../../ProjectRise/Content/Environment/BoilerRoom/Materials/BoilerWallMat3.uasset" 237
"../../../ProjectRise/Content/Environment/BoilerRoom/Wall4x4Mat2_2.uasset" 238
"../../../ProjectRise/Content/Environment/BoilerRoom/Materials/Textures/BoilderRoomWallMat2/Wall4x4_Material_000_BaseColor.uasset" 239
"../../../ProjectRise/Content/Environment/BoilerRoom/Materials/Textures/BoilderRoomWallMat2/Wall4x4_Material_000_Normal.uasset" 240
"../../../ProjectRise/Content/Environment/BoilerRoom/Materials/Textures/BoilderRoomWallMat2/Wall4x4_Material_000_OcclusionRoughnessMetallic.uasset" 241
"../../../ProjectRise/Content/Environment/BoilerRoom/Materials/BoilerWallMat2.uasset" 242
"../../../ProjectRise/Content/Environment/BoilerRoom/Materials/Textures/BoilerRoomWallMat4/AO.uasset" 243
"../../../ProjectRise/Content/Environment/BoilerRoom/Materials/Textures/BoilerRoomWallMat4/Height.uasset" 244
"../../../ProjectRise/Content/Environment/BoilerRoom/Materials/Textures/BoilerRoomWallMat4/Normal.uasset" 245
"../../../ProjectRise/Content/Environment/BoilerRoom/Materials/BoilerWallMat4.uasset" 246
"../../../ProjectRise/Content/Environment/BoilerRoom/Materials/Textures/BoilerWallMat5/AO.uasset" 247
"../../../ProjectRise/Content/Environment/BoilerRoom/Materials/Textures/BoilerWallMat5/AO2.uasset" 248
"../../../ProjectRise/Content/Environment/BoilerRoom/Materials/Textures/BoilerWallMat5/Height.uasset" 249
"../../../ProjectRise/Content/Environment/BoilerRoom/Materials/Textures/BoilerWallMat5/Normal.uasset" 250
"../../../ProjectRise/Content/Environment/BoilerRoom/Materials/BoilerWallMat5.uasset" 251
"../../../ProjectRise/Content/Environment/BoilerRoom/Materials/Textures/BoilerWallMat6/Albedo.uasset" 252
"../../../ProjectRise/Content/Environment/BoilerRoom/Materials/Textures/BoilerWallMat6/AO.uasset" 253
"../../../ProjectRise/Content/Environment/BoilerRoom/Materials/Textures/BoilerWallMat6/Normal.uasset" 254
"../../../ProjectRise/Content/Environment/BoilerRoom/Materials/BoilerWallMat6.uasset" 255
"../../../ProjectRise/Content/Environment/BoilerRoom/Materials/Textures/BoilerWallMat7/Albedo.uasset" 256
"../../../ProjectRise/Content/Environment/BoilerRoom/Materials/Textures/BoilerWallMat7/NormalTiled.uasset" 257
"../../../ProjectRise/Content/Environment/BoilerRoom/Materials/BoilerWallMat7.uasset" 258
"../../../ProjectRise/Content/Environment/BoilerRoom/Materials/Textures/BoilerWallMat8/Texture_occlusion.uasset" 259
"../../../ProjectRise/Content/Environment/BoilerRoom/Materials/BoilerWallMat8.uasset" 260
"../../../ProjectRise/Content/Environment/BoilerRoom/Materials/Textures/BoilerWallMat9/Low_DefaultMaterial_BaseColor.uasset" 261
"../../../ProjectRise/Content/Environment/BoilerRoom/Materials/Textures/BoilerWallMat9/Low_DefaultMaterial_Normal.uasset" 262
"../../../ProjectRise/Content/Environment/BoilerRoom/Materials/Textures/BoilerWallMat9/Low_DefaultMaterial_OcclusionRoughnessMetallic.uasset" 263
"../../../ProjectRise/Content/Environment/BoilerRoom/Materials/BoilerWallMat9.uasset" 264
"../../../ProjectRise/Content/Environment/BoilerRoom/Materials/Textures/DoorRollingGate/DoorRollingGate_DefaultMaterial_BaseColor.uasset" 265
"../../../ProjectRise/Content/Environment/BoilerRoom/Materials/Textures/DoorRollingGate/DoorRollingGate_DefaultMaterial_Normal.uasset" 266
"../../../ProjectRise/Content/Environment/BoilerRoom/Materials/Textures/DoorRollingGate/DoorRollingGate_DefaultMaterial_OcclusionRoughnessMetallic.uasset" 267
"../../../ProjectRise/Content/Environment/BoilerRoom/Materials/Textures/DoorRollingGate/DoorRollingGate_DefaultMaterial_Opacity.uasset" 268
"../../../ProjectRise/Content/Environment/BoilerRoom/Materials/DoorRollingGate.uasset" 269
"../../../ProjectRise/Content/Environment/BoilerRoom/Materials/Textures/BoilderRoomWallMat/TestScaleWall_DefaultMaterial_Height.uasset" 270
"../../../ProjectRise/Content/Environment/BoilerRoom/Materials/Textures/BoilerWallMat10/Roughness.uasset" 271
"../../../ProjectRise/Content/Environment/BoilerRoom/Materials/Textures/PipeAngle/Low_Material_001_Height.uasset" 272
"../../../Engine/Plugins/2D/Paper2D/Content/DummySprite.uasset" 273
"../../../Engine/Plugins/2D/Paper2D/Content/DefaultPaperTerrainMaterial.uasset" 274
"../../../Engine/Plugins/2D/Paper2D/Content/DefaultSpriteMaterial.uasset" 275
"../../../Engine/Plugins/2D/Paper2D/Content/MaskedUnlitSpriteMaterial.uasset" 276
"../../../Engine/Plugins/2D/Paper2D/Content/OpaqueUnlitSpriteMaterial.uasset" 277
"../../../Engine/Plugins/2D/Paper2D/Content/PlaceholderTextures/DummySpriteTexture.uasset" 278
"../../../ProjectRise/Content/Blueprints/Doors/RegularDoor.uasset" 279
"../../../ProjectRise/Content/Blueprints/Doors/DoorFrameWithoutSpawnV2.uasset" 280
"../../../ProjectRise/Content/Environment/Basement/Basement_Wall/Basement_Wall01Mat01/Basement_Wall01_Mat01.uasset" 281
"../../../ProjectRise/Content/Blueprints/Doors/WallReplaciment.uasset" 282
"../../../ProjectRise/Content/Blueprints/Doors/DoorFrameWithSpawner.uasset" 283
"../../../ProjectRise/Content/Blueprints/Doors/TestDoorItself.uasset" 284
"../../../ProjectRise/Content/Blueprints/Doors/TestInstanceDoorToRoom.uasset" 285
"../../../ProjectRise/Content/Blueprints/GameInstances/TestStreamInstance.uasset" 286
"../../../ProjectRise/Content/Environment/Basement/Basement_Wall/Basement_Wall01Mat01/Basement_Wall01_Mat02.uasset" 287
"../../../ProjectRise/Content/Blueprints/Doors/TestStreamDoor.uasset" 288
"../../../ProjectRise/Content/Blueprints/HUD/TestPlayerHUD.uasset" 289
"../../../ProjectRise/Content/Blueprints/Player/TestPlayer1.uasset" 290
"../../../ProjectRise/Content/Blueprints/GameModes/TestGameMode1.uasset" 291
"../../../ProjectRise/Content/Blueprints/Curves/DoorChecerCurve.uasset" 292
"../../../ProjectRise/Content/Environment/Basement/Basement_Floor/Basement_Floor01Mat01/01/Basement_Floor01_Floor_BaseColor.uasset" 293
"../../../ProjectRise/Content/Environment/Basement/Basement_Floor/Basement_Floor01Mat01/01/Basement_Floor01_Floor_Normal.uasset" 294
"../../../ProjectRise/Content/Environment/Basement/Basement_Floor/Basement_Floor01Mat01/01/Basement_Floor01_Floor_OcclusionRoughnessMetallic.uasset" 295
"../../../ProjectRise/Content/Environment/Basement/Basement_Floor/Basement_Floor01Mat01/02/Basement_Floor01_Floor_BaseColor.uasset" 296
"../../../ProjectRise/Content/Environment/Basement/Basement_Floor/Basement_Floor01Mat01/02/Basement_Floor01_Floor_Normal.uasset" 297
"../../../ProjectRise/Content/Environment/Basement/Basement_Floor/Basement_Floor01Mat01/02/Basement_Floor01_Floor_OcclusionRoughnessMetallic.uasset" 298
"../../../ProjectRise/Content/Environment/Basement/Basement_Floor/Basement_Floor01Mat01/Basement_Floor01Mat01.uasset" 299
"../../../ProjectRise/Content/Environment/Basement/Basement_Floor/Basement_Floor01Mat01/Basement_Floor01_Mat01.uasset" 300
"../../../ProjectRise/Content/Levels/TestLevel/LevelStreaming/Instances/ModularRooms/FDoorDoor1.umap" 301
"../../../ProjectRise/Content/Levels/TestLevel/Test1_BuiltData.uasset" 302
"../../../Engine/Content/BasicShapes/Cylinder.uasset" 303
"../../../ProjectRise/Content/Environment/Basement/Basement_Wall/testOneWallOver-LappingTiling.uasset" 304
"../../../ProjectRise/Content/Levels/TestLevel/Test1.umap" 305
"../../../ProjectRise/Content/Levels/TestLevel/Test2_BuiltData.uasset" 306
"../../../ProjectRise/Content/Environment/BoilerRoom/Materials/Textures/PipeAngle/Low_Material_001_BaseColor.uasset" 307
"../../../ProjectRise/Content/Environment/BoilerRoom/Materials/Textures/PipeAngle/Low_Material_001_Normal.uasset" 308
"../../../ProjectRise/Content/Environment/BoilerRoom/Materials/Textures/PipeAngle/Low_Material_001_OcclusionRoughnessMetallic.uasset" 309
"../../../ProjectRise/Content/Environment/BoilerRoom/Materials/PipeAngleMat.uasset" 310
"../../../ProjectRise/Content/Environment/BoilerRoom/Floor4x4_0.uasset" 311
"../../../ProjectRise/Content/Environment/BoilerRoom/FloorBold4x4_0.uasset" 312
"../../../ProjectRise/Content/Environment/BoilerRoom/PipeAngle.uasset" 313
"../../../ProjectRise/Content/Levels/TestLevel/Test2.umap" 314
"../../../ProjectRise/Content/Levels/TestLevel/Test3_BuiltData.uasset" 315
"../../../ProjectRise/Content/Environment/BoilerRoom/Materials/BoilerFloorMat.uasset" 316
"../../../ProjectRise/Content/Environment/BoilerRoom/Materials/Textures/BoilderRoomWall2Mat/Wall2_4X4_Material_000_BaseColor.uasset" 317
"../../../ProjectRise/Content/Environment/BoilerRoom/Materials/Textures/BoilderRoomWall2Mat/Wall2_4X4_Material_000_Normal.uasset" 318
"../../../ProjectRise/Content/Environment/BoilerRoom/Materials/Textures/BoilderRoomWall2Mat/Wall2_4X4_Material_000_OcclusionRoughnessMetallic.uasset" 319
"../../../ProjectRise/Content/Environment/BoilerRoom/Materials/BoilerWall2Mat.uasset" 320
"../../../ProjectRise/Content/Environment/BoilerRoom/Materials/Textures/BoilerWallMat10/Base.uasset" 321
"../../../ProjectRise/Content/Environment/BoilerRoom/Materials/Textures/BoilerWallMat10/BaseV2.uasset" 322
"../../../ProjectRise/Content/Environment/BoilerRoom/Materials/Textures/BoilerWallMat10/Normal.uasset" 323
"../../../ProjectRise/Content/Environment/BoilerRoom/Materials/BoilerWallMat10.uasset" 324
"../../../ProjectRise/Content/Environment/BoilerRoom/Wall2_4X4.uasset" 325
"../../../ProjectRise/Content/Environment/BoilerRoom/Materials/Textures/BoilderRoomWallMat/2/TestScaleWall_DefaultMaterial_BaseColor.uasset" 326
"../../../ProjectRise/Content/Environment/BoilerRoom/Materials/Textures/BoilderRoomWallMat/2/TestScaleWall_DefaultMaterial_Height.uasset" 327
"../../../ProjectRise/Content/Environment/BoilerRoom/Materials/Textures/BoilderRoomWallMat/2/TestScaleWall_DefaultMaterial_Normal.uasset" 328
"../../../ProjectRise/Content/Environment/BoilerRoom/Materials/Textures/BoilderRoomWallMat/2/TestScaleWall_DefaultMaterial_OcclusionRoughnessMetallic.uasset" 329
"../../../ProjectRise/Content/Environment/BoilerRoom/Materials/Textures/BoilderRoomWallMat/TestScaleWall_DefaultMaterial_BaseColor.uasset" 330
"../../../ProjectRise/Content/Environment/BoilerRoom/Materials/Textures/BoilderRoomWallMat/TestScaleWall_DefaultMaterial_Normal.uasset" 331
"../../../ProjectRise/Content/Environment/BoilerRoom/Materials/BoilerWallMat1.uasset" 332
"../../../ProjectRise/Content/Environment/BoilerRoom/Wall4x4Mat1_0.uasset" 333
"../../../ProjectRise/Content/Environment/BoilerRoom/WallBold4x4_0.uasset" 334
"../../../ProjectRise/Content/Levels/TestLevel/Test3.umap" 335
"../../../ProjectRise/Content/Blueprints/SaveGameData/TestSaveLevel.uasset" 336
"../../../ProjectRise/Content/Blueprints/Doors/TestDoor.uasset" 337
"../../../ProjectRise/Content/Levels/TestLevel/TestLevel1_1.umap" 338
"../../../ProjectRise/Content/Blueprints/Doors/TestDoorWithoutTeleport.uasset" 339
"../../../ProjectRise/Content/Levels/TestLevel/TestLevelMainRoom.umap" 340
"../../../ProjectRise/Content/Levels/TestLevel/LevelStreaming/Instances/TestInstanceRoom1Door4.umap" 341
"../../../ProjectRise/Content/Levels/TestLevel/LevelStreaming/Instances/ModularRooms/BossRoom.umap" 342
"../../../Engine/Content/Maps/Entry.umap" 343
"../../../ProjectRise/Content/Levels/TestLevel/LevelStreaming/Instances/ModularRooms/FDoorDoor2.umap" 344
"../../../ProjectRise/Content/Levels/TestLevel/LevelStreaming/Instances/ModularRooms/ItemRoom.umap" 345
"../../../ProjectRise/Content/Levels/TestLevel/LevelStreaming/Instances/ModularRooms/RoomMakerV3.umap" 346
"../../../ProjectRise/Content/Levels/TestLevel/LevelStreaming/Instances/ModularRooms/ShopRoom.umap" 347
"../../../ProjectRise/Content/Levels/TestLevel/LevelStreaming/Instances/ModularRooms/TestInstanceMain_BuiltData.uasset" 348
"../../../ProjectRise/Content/Levels/TestLevel/LevelStreaming/Instances/ModularRooms/TestInstanceMain.umap" 349
"../../../ProjectRise/Content/Levels/TestLevel/LevelStreaming/Instances/ModularRooms/TestInstanceRoom1Door3_BuiltData.uasset" 350
"../../../ProjectRise/Content/Levels/TestLevel/LevelStreaming/Instances/ModularRooms/TestInstanceRoom1Door3.umap" 351
"../../../ProjectRise/Content/Levels/TestLevel/LevelStreaming/Instances/ModularRooms/TestInstanceRoom2Door3.umap" 352
"../../../ProjectRise/Content/Blueprints/Controllers/instanceController.uasset" 353
"../../../ProjectRise/Content/Levels/TestLevel/LevelStreaming/Instances/ModularRooms/TestInstanceRoot.umap" 354
